ERROR 2026-01-28 23:51:07,180 log 18284 20212 Internal Server Error: /
Traceback (most recent call last):
  File "C:\Users\Lenovo\AppData\Local\Python\pythoncore-3.14-64\Lib\site-packages\django\core\handlers\exception.py", line 55, in inner
    response = get_response(request)
  File "C:\Users\Lenovo\AppData\Local\Python\pythoncore-3.14-64\Lib\site-packages\django\core\handlers\base.py", line 197, in _get_response
    response = wrapped_callback(request, *callback_args, **callback_kwargs)
  File "D:\Docs\PROJECT\rentalConnect\listings\views.py", line 46, in home
    return render(request, 'listings/home.html', {
        'page_obj': page_obj,
        'bookings': bookings,
        'owner_properties': owner_properties,
    })
  File "C:\Users\Lenovo\AppData\Local\Python\pythoncore-3.14-64\Lib\site-packages\django\shortcuts.py", line 25, in render
    content = loader.render_to_string(template_name, context, request, using=using)
  File "C:\Users\Lenovo\AppData\Local\Python\pythoncore-3.14-64\Lib\site-packages\django\template\loader.py", line 61, in render_to_string
    template = get_template(template_name, using=using)
  File "C:\Users\Lenovo\AppData\Local\Python\pythoncore-3.14-64\Lib\site-packages\django\template\loader.py", line 15, in get_template
    return engine.get_template(template_name)
           ~~~~~~~~~~~~~~~~~~~^^^^^^^^^^^^^^^
  File "C:\Users\Lenovo\AppData\Local\Python\pythoncore-3.14-64\Lib\site-packages\django\template\backends\django.py", line 79, in get_template
    return Template(self.engine.get_template(template_name), self)
                    ~~~~~~~~~~~~~~~~~~~~~~~~^^^^^^^^^^^^^^^
  File "C:\Users\Lenovo\AppData\Local\Python\pythoncore-3.14-64\Lib\site-packages\django\template\engine.py", line 177, in get_template
    template, origin = self.find_template(template_name)
                       ~~~~~~~~~~~~~~~~~~^^^^^^^^^^^^^^^
  File "C:\Users\Lenovo\AppData\Local\Python\pythoncore-3.14-64\Lib\site-packages\django\template\engine.py", line 159, in find_template
    template = loader.get_template(name, skip=skip)
  File "C:\Users\Lenovo\AppData\Local\Python\pythoncore-3.14-64\Lib\site-packages\django\template\loaders\cached.py", line 57, in get_template
    template = super().get_template(template_name, skip)
  File "C:\Users\Lenovo\AppData\Local\Python\pythoncore-3.14-64\Lib\site-packages\django\template\loaders\base.py", line 28, in get_template
    return Template(
        contents,
    ...<2 lines>...
        self.engine,
    )
  File "C:\Users\Lenovo\AppData\Local\Python\pythoncore-3.14-64\Lib\site-packages\django\template\base.py", line 154, in __init__
    self.nodelist = self.compile_nodelist()
                    ~~~~~~~~~~~~~~~~~~~~~^^
  File "C:\Users\Lenovo\AppData\Local\Python\pythoncore-3.14-64\Lib\site-packages\django\template\base.py", line 196, in compile_nodelist
    nodelist = parser.parse()
  File "C:\Users\Lenovo\AppData\Local\Python\pythoncore-3.14-64\Lib\site-packages\django\template\base.py", line 518, in parse
    raise self.error(token, e)
  File "C:\Users\Lenovo\AppData\Local\Python\pythoncore-3.14-64\Lib\site-packages\django\template\base.py", line 516, in parse
    compiled_result = compile_func(self, token)
  File "C:\Users\Lenovo\AppData\Local\Python\pythoncore-3.14-64\Lib\site-packages\django\template\loader_tags.py", line 299, in do_extends
    nodelist = parser.parse()
  File "C:\Users\Lenovo\AppData\Local\Python\pythoncore-3.14-64\Lib\site-packages\django\template\base.py", line 518, in parse
    raise self.error(token, e)
  File "C:\Users\Lenovo\AppData\Local\Python\pythoncore-3.14-64\Lib\site-packages\django\template\base.py", line 516, in parse
    compiled_result = compile_func(self, token)
  File "C:\Users\Lenovo\AppData\Local\Python\pythoncore-3.14-64\Lib\site-packages\django\template\loader_tags.py", line 234, in do_block
    nodelist = parser.parse(("endblock",))
  File "C:\Users\Lenovo\AppData\Local\Python\pythoncore-3.14-64\Lib\site-packages\django\template\base.py", line 518, in parse
    raise self.error(token, e)
  File "C:\Users\Lenovo\AppData\Local\Python\pythoncore-3.14-64\Lib\site-packages\django\template\base.py", line 516, in parse
    compiled_result = compile_func(self, token)
  File "C:\Users\Lenovo\AppData\Local\Python\pythoncore-3.14-64\Lib\site-packages\django\template\defaulttags.py", line 962, in do_if
    nodelist = parser.parse(("elif", "else", "endif"))
  File "C:\Users\Lenovo\AppData\Local\Python\pythoncore-3.14-64\Lib\site-packages\django\template\base.py", line 518, in parse
    raise self.error(token, e)
  File "C:\Users\Lenovo\AppData\Local\Python\pythoncore-3.14-64\Lib\site-packages\django\template\base.py", line 516, in parse
    compiled_result = compile_func(self, token)
  File "C:\Users\Lenovo\AppData\Local\Python\pythoncore-3.14-64\Lib\site-packages\django\template\defaulttags.py", line 962, in do_if
    nodelist = parser.parse(("elif", "else", "endif"))
  File "C:\Users\Lenovo\AppData\Local\Python\pythoncore-3.14-64\Lib\site-packages\django\template\base.py", line 518, in parse
    raise self.error(token, e)
  File "C:\Users\Lenovo\AppData\Local\Python\pythoncore-3.14-64\Lib\site-packages\django\template\base.py", line 516, in parse
    compiled_result = compile_func(self, token)
  File "C:\Users\Lenovo\AppData\Local\Python\pythoncore-3.14-64\Lib\site-packages\django\template\defaulttags.py", line 861, in do_for
    sequence = parser.compile_filter(bits[in_index + 1])
  File "C:\Users\Lenovo\AppData\Local\Python\pythoncore-3.14-64\Lib\site-packages\django\template\base.py", line 609, in compile_filter
    return FilterExpression(token, self)
  File "C:\Users\Lenovo\AppData\Local\Python\pythoncore-3.14-64\Lib\site-packages\django\template\base.py", line 705, in __init__
    filter_func = parser.find_filter(filter_name)
  File "C:\Users\Lenovo\AppData\Local\Python\pythoncore-3.14-64\Lib\site-packages\django\template\base.py", line 615, in find_filter
    raise TemplateSyntaxError("Invalid filter: '%s'" % filter_name)
django.template.exceptions.TemplateSyntaxError: Invalid filter: 'rrange'
ERROR 2026-01-28 23:51:07,411 basehttp 18284 20212 "GET / HTTP/1.1" 500 145
ERROR 2026-01-28 23:51:41,804 log 18284 20212 Internal Server Error: /
Traceback (most recent call last):
  File "C:\Users\Lenovo\AppData\Local\Python\pythoncore-3.14-64\Lib\site-packages\django\core\handlers\exception.py", line 55, in inner
    response = get_response(request)
  File "C:\Users\Lenovo\AppData\Local\Python\pythoncore-3.14-64\Lib\site-packages\django\core\handlers\base.py", line 197, in _get_response
    response = wrapped_callback(request, *callback_args, **callback_kwargs)
  File "D:\Docs\PROJECT\rentalConnect\listings\views.py", line 46, in home
    return render(request, 'listings/home.html', {
        'page_obj': page_obj,
        'bookings': bookings,
        'owner_properties': owner_properties,
    })
  File "C:\Users\Lenovo\AppData\Local\Python\pythoncore-3.14-64\Lib\site-packages\django\shortcuts.py", line 25, in render
    content = loader.render_to_string(template_name, context, request, using=using)
  File "C:\Users\Lenovo\AppData\Local\Python\pythoncore-3.14-64\Lib\site-packages\django\template\loader.py", line 61, in render_to_string
    template = get_template(template_name, using=using)
  File "C:\Users\Lenovo\AppData\Local\Python\pythoncore-3.14-64\Lib\site-packages\django\template\loader.py", line 15, in get_template
    return engine.get_template(template_name)
           ~~~~~~~~~~~~~~~~~~~^^^^^^^^^^^^^^^
  File "C:\Users\Lenovo\AppData\Local\Python\pythoncore-3.14-64\Lib\site-packages\django\template\backends\django.py", line 79, in get_template
    return Template(self.engine.get_template(template_name), self)
                    ~~~~~~~~~~~~~~~~~~~~~~~~^^^^^^^^^^^^^^^
  File "C:\Users\Lenovo\AppData\Local\Python\pythoncore-3.14-64\Lib\site-packages\django\template\engine.py", line 177, in get_template
    template, origin = self.find_template(template_name)
                       ~~~~~~~~~~~~~~~~~~^^^^^^^^^^^^^^^
  File "C:\Users\Lenovo\AppData\Local\Python\pythoncore-3.14-64\Lib\site-packages\django\template\engine.py", line 159, in find_template
    template = loader.get_template(name, skip=skip)
  File "C:\Users\Lenovo\AppData\Local\Python\pythoncore-3.14-64\Lib\site-packages\django\template\loaders\cached.py", line 57, in get_template
    template = super().get_template(template_name, skip)
  File "C:\Users\Lenovo\AppData\Local\Python\pythoncore-3.14-64\Lib\site-packages\django\template\loaders\base.py", line 28, in get_template
    return Template(
        contents,
    ...<2 lines>...
        self.engine,
    )
  File "C:\Users\Lenovo\AppData\Local\Python\pythoncore-3.14-64\Lib\site-packages\django\template\base.py", line 154, in __init__
    self.nodelist = self.compile_nodelist()
                    ~~~~~~~~~~~~~~~~~~~~~^^
  File "C:\Users\Lenovo\AppData\Local\Python\pythoncore-3.14-64\Lib\site-packages\django\template\base.py", line 196, in compile_nodelist
    nodelist = parser.parse()
  File "C:\Users\Lenovo\AppData\Local\Python\pythoncore-3.14-64\Lib\site-packages\django\template\base.py", line 518, in parse
    raise self.error(token, e)
  File "C:\Users\Lenovo\AppData\Local\Python\pythoncore-3.14-64\Lib\site-packages\django\template\base.py", line 516, in parse
    compiled_result = compile_func(self, token)
  File "C:\Users\Lenovo\AppData\Local\Python\pythoncore-3.14-64\Lib\site-packages\django\template\loader_tags.py", line 299, in do_extends
    nodelist = parser.parse()
  File "C:\Users\Lenovo\AppData\Local\Python\pythoncore-3.14-64\Lib\site-packages\django\template\base.py", line 518, in parse
    raise self.error(token, e)
  File "C:\Users\Lenovo\AppData\Local\Python\pythoncore-3.14-64\Lib\site-packages\django\template\base.py", line 516, in parse
    compiled_result = compile_func(self, token)
  File "C:\Users\Lenovo\AppData\Local\Python\pythoncore-3.14-64\Lib\site-packages\django\template\loader_tags.py", line 234, in do_block
    nodelist = parser.parse(("endblock",))
  File "C:\Users\Lenovo\AppData\Local\Python\pythoncore-3.14-64\Lib\site-packages\django\template\base.py", line 518, in parse
    raise self.error(token, e)
  File "C:\Users\Lenovo\AppData\Local\Python\pythoncore-3.14-64\Lib\site-packages\django\template\base.py", line 516, in parse
    compiled_result = compile_func(self, token)
  File "C:\Users\Lenovo\AppData\Local\Python\pythoncore-3.14-64\Lib\site-packages\django\template\defaulttags.py", line 962, in do_if
    nodelist = parser.parse(("elif", "else", "endif"))
  File "C:\Users\Lenovo\AppData\Local\Python\pythoncore-3.14-64\Lib\site-packages\django\template\base.py", line 518, in parse
    raise self.error(token, e)
  File "C:\Users\Lenovo\AppData\Local\Python\pythoncore-3.14-64\Lib\site-packages\django\template\base.py", line 516, in parse
    compiled_result = compile_func(self, token)
  File "C:\Users\Lenovo\AppData\Local\Python\pythoncore-3.14-64\Lib\site-packages\django\template\defaulttags.py", line 962, in do_if
    nodelist = parser.parse(("elif", "else", "endif"))
  File "C:\Users\Lenovo\AppData\Local\Python\pythoncore-3.14-64\Lib\site-packages\django\template\base.py", line 518, in parse
    raise self.error(token, e)
  File "C:\Users\Lenovo\AppData\Local\Python\pythoncore-3.14-64\Lib\site-packages\django\template\base.py", line 516, in parse
    compiled_result = compile_func(self, token)
  File "C:\Users\Lenovo\AppData\Local\Python\pythoncore-3.14-64\Lib\site-packages\django\template\defaulttags.py", line 861, in do_for
    sequence = parser.compile_filter(bits[in_index + 1])
  File "C:\Users\Lenovo\AppData\Local\Python\pythoncore-3.14-64\Lib\site-packages\django\template\base.py", line 609, in compile_filter
    return FilterExpression(token, self)
  File "C:\Users\Lenovo\AppData\Local\Python\pythoncore-3.14-64\Lib\site-packages\django\template\base.py", line 705, in __init__
    filter_func = parser.find_filter(filter_name)
  File "C:\Users\Lenovo\AppData\Local\Python\pythoncore-3.14-64\Lib\site-packages\django\template\base.py", line 615, in find_filter
    raise TemplateSyntaxError("Invalid filter: '%s'" % filter_name)
django.template.exceptions.TemplateSyntaxError: Invalid filter: 'rrange'
ERROR 2026-01-28 23:51:41,813 basehttp 18284 20212 "GET / HTTP/1.1" 500 145
ERROR 2026-01-28 23:51:42,948 log 18284 20212 Internal Server Error: /
Traceback (most recent call last):
  File "C:\Users\Lenovo\AppData\Local\Python\pythoncore-3.14-64\Lib\site-packages\django\core\handlers\exception.py", line 55, in inner
    response = get_response(request)
  File "C:\Users\Lenovo\AppData\Local\Python\pythoncore-3.14-64\Lib\site-packages\django\core\handlers\base.py", line 197, in _get_response
    response = wrapped_callback(request, *callback_args, **callback_kwargs)
  File "D:\Docs\PROJECT\rentalConnect\listings\views.py", line 46, in home
    return render(request, 'listings/home.html', {
        'page_obj': page_obj,
        'bookings': bookings,
        'owner_properties': owner_properties,
    })
  File "C:\Users\Lenovo\AppData\Local\Python\pythoncore-3.14-64\Lib\site-packages\django\shortcuts.py", line 25, in render
    content = loader.render_to_string(template_name, context, request, using=using)
  File "C:\Users\Lenovo\AppData\Local\Python\pythoncore-3.14-64\Lib\site-packages\django\template\loader.py", line 61, in render_to_string
    template = get_template(template_name, using=using)
  File "C:\Users\Lenovo\AppData\Local\Python\pythoncore-3.14-64\Lib\site-packages\django\template\loader.py", line 15, in get_template
    return engine.get_template(template_name)
           ~~~~~~~~~~~~~~~~~~~^^^^^^^^^^^^^^^
  File "C:\Users\Lenovo\AppData\Local\Python\pythoncore-3.14-64\Lib\site-packages\django\template\backends\django.py", line 79, in get_template
    return Template(self.engine.get_template(template_name), self)
                    ~~~~~~~~~~~~~~~~~~~~~~~~^^^^^^^^^^^^^^^
  File "C:\Users\Lenovo\AppData\Local\Python\pythoncore-3.14-64\Lib\site-packages\django\template\engine.py", line 177, in get_template
    template, origin = self.find_template(template_name)
                       ~~~~~~~~~~~~~~~~~~^^^^^^^^^^^^^^^
  File "C:\Users\Lenovo\AppData\Local\Python\pythoncore-3.14-64\Lib\site-packages\django\template\engine.py", line 159, in find_template
    template = loader.get_template(name, skip=skip)
  File "C:\Users\Lenovo\AppData\Local\Python\pythoncore-3.14-64\Lib\site-packages\django\template\loaders\cached.py", line 57, in get_template
    template = super().get_template(template_name, skip)
  File "C:\Users\Lenovo\AppData\Local\Python\pythoncore-3.14-64\Lib\site-packages\django\template\loaders\base.py", line 28, in get_template
    return Template(
        contents,
    ...<2 lines>...
        self.engine,
    )
  File "C:\Users\Lenovo\AppData\Local\Python\pythoncore-3.14-64\Lib\site-packages\django\template\base.py", line 154, in __init__
    self.nodelist = self.compile_nodelist()
                    ~~~~~~~~~~~~~~~~~~~~~^^
  File "C:\Users\Lenovo\AppData\Local\Python\pythoncore-3.14-64\Lib\site-packages\django\template\base.py", line 196, in compile_nodelist
    nodelist = parser.parse()
  File "C:\Users\Lenovo\AppData\Local\Python\pythoncore-3.14-64\Lib\site-packages\django\template\base.py", line 518, in parse
    raise self.error(token, e)
  File "C:\Users\Lenovo\AppData\Local\Python\pythoncore-3.14-64\Lib\site-packages\django\template\base.py", line 516, in parse
    compiled_result = compile_func(self, token)
  File "C:\Users\Lenovo\AppData\Local\Python\pythoncore-3.14-64\Lib\site-packages\django\template\loader_tags.py", line 299, in do_extends
    nodelist = parser.parse()
  File "C:\Users\Lenovo\AppData\Local\Python\pythoncore-3.14-64\Lib\site-packages\django\template\base.py", line 518, in parse
    raise self.error(token, e)
  File "C:\Users\Lenovo\AppData\Local\Python\pythoncore-3.14-64\Lib\site-packages\django\template\base.py", line 516, in parse
    compiled_result = compile_func(self, token)
  File "C:\Users\Lenovo\AppData\Local\Python\pythoncore-3.14-64\Lib\site-packages\django\template\loader_tags.py", line 234, in do_block
    nodelist = parser.parse(("endblock",))
  File "C:\Users\Lenovo\AppData\Local\Python\pythoncore-3.14-64\Lib\site-packages\django\template\base.py", line 518, in parse
    raise self.error(token, e)
  File "C:\Users\Lenovo\AppData\Local\Python\pythoncore-3.14-64\Lib\site-packages\django\template\base.py", line 516, in parse
    compiled_result = compile_func(self, token)
  File "C:\Users\Lenovo\AppData\Local\Python\pythoncore-3.14-64\Lib\site-packages\django\template\defaulttags.py", line 962, in do_if
    nodelist = parser.parse(("elif", "else", "endif"))
  File "C:\Users\Lenovo\AppData\Local\Python\pythoncore-3.14-64\Lib\site-packages\django\template\base.py", line 518, in parse
    raise self.error(token, e)
  File "C:\Users\Lenovo\AppData\Local\Python\pythoncore-3.14-64\Lib\site-packages\django\template\base.py", line 516, in parse
    compiled_result = compile_func(self, token)
  File "C:\Users\Lenovo\AppData\Local\Python\pythoncore-3.14-64\Lib\site-packages\django\template\defaulttags.py", line 962, in do_if
    nodelist = parser.parse(("elif", "else", "endif"))
  File "C:\Users\Lenovo\AppData\Local\Python\pythoncore-3.14-64\Lib\site-packages\django\template\base.py", line 518, in parse
    raise self.error(token, e)
  File "C:\Users\Lenovo\AppData\Local\Python\pythoncore-3.14-64\Lib\site-packages\django\template\base.py", line 516, in parse
    compiled_result = compile_func(self, token)
  File "C:\Users\Lenovo\AppData\Local\Python\pythoncore-3.14-64\Lib\site-packages\django\template\defaulttags.py", line 861, in do_for
    sequence = parser.compile_filter(bits[in_index + 1])
  File "C:\Users\Lenovo\AppData\Local\Python\pythoncore-3.14-64\Lib\site-packages\django\template\base.py", line 609, in compile_filter
    return FilterExpression(token, self)
  File "C:\Users\Lenovo\AppData\Local\Python\pythoncore-3.14-64\Lib\site-packages\django\template\base.py", line 705, in __init__
    filter_func = parser.find_filter(filter_name)
  File "C:\Users\Lenovo\AppData\Local\Python\pythoncore-3.14-64\Lib\site-packages\django\template\base.py", line 615, in find_filter
    raise TemplateSyntaxError("Invalid filter: '%s'" % filter_name)
django.template.exceptions.TemplateSyntaxError: Invalid filter: 'rrange'
ERROR 2026-01-28 23:51:42,959 basehttp 18284 20212 "GET / HTTP/1.1" 500 145
ERROR 2026-01-28 23:51:46,300 log 18284 20212 Internal Server Error: /
Traceback (most recent call last):
  File "C:\Users\Lenovo\AppData\Local\Python\pythoncore-3.14-64\Lib\site-packages\django\core\handlers\exception.py", line 55, in inner
    response = get_response(request)
  File "C:\Users\Lenovo\AppData\Local\Python\pythoncore-3.14-64\Lib\site-packages\django\core\handlers\base.py", line 197, in _get_response
    response = wrapped_callback(request, *callback_args, **callback_kwargs)
  File "D:\Docs\PROJECT\rentalConnect\listings\views.py", line 46, in home
    return render(request, 'listings/home.html', {
        'page_obj': page_obj,
        'bookings': bookings,
        'owner_properties': owner_properties,
    })
  File "C:\Users\Lenovo\AppData\Local\Python\pythoncore-3.14-64\Lib\site-packages\django\shortcuts.py", line 25, in render
    content = loader.render_to_string(template_name, context, request, using=using)
  File "C:\Users\Lenovo\AppData\Local\Python\pythoncore-3.14-64\Lib\site-packages\django\template\loader.py", line 61, in render_to_string
    template = get_template(template_name, using=using)
  File "C:\Users\Lenovo\AppData\Local\Python\pythoncore-3.14-64\Lib\site-packages\django\template\loader.py", line 15, in get_template
    return engine.get_template(template_name)
           ~~~~~~~~~~~~~~~~~~~^^^^^^^^^^^^^^^
  File "C:\Users\Lenovo\AppData\Local\Python\pythoncore-3.14-64\Lib\site-packages\django\template\backends\django.py", line 79, in get_template
    return Template(self.engine.get_template(template_name), self)
                    ~~~~~~~~~~~~~~~~~~~~~~~~^^^^^^^^^^^^^^^
  File "C:\Users\Lenovo\AppData\Local\Python\pythoncore-3.14-64\Lib\site-packages\django\template\engine.py", line 177, in get_template
    template, origin = self.find_template(template_name)
                       ~~~~~~~~~~~~~~~~~~^^^^^^^^^^^^^^^
  File "C:\Users\Lenovo\AppData\Local\Python\pythoncore-3.14-64\Lib\site-packages\django\template\engine.py", line 159, in find_template
    template = loader.get_template(name, skip=skip)
  File "C:\Users\Lenovo\AppData\Local\Python\pythoncore-3.14-64\Lib\site-packages\django\template\loaders\cached.py", line 57, in get_template
    template = super().get_template(template_name, skip)
  File "C:\Users\Lenovo\AppData\Local\Python\pythoncore-3.14-64\Lib\site-packages\django\template\loaders\base.py", line 28, in get_template
    return Template(
        contents,
    ...<2 lines>...
        self.engine,
    )
  File "C:\Users\Lenovo\AppData\Local\Python\pythoncore-3.14-64\Lib\site-packages\django\template\base.py", line 154, in __init__
    self.nodelist = self.compile_nodelist()
                    ~~~~~~~~~~~~~~~~~~~~~^^
  File "C:\Users\Lenovo\AppData\Local\Python\pythoncore-3.14-64\Lib\site-packages\django\template\base.py", line 196, in compile_nodelist
    nodelist = parser.parse()
  File "C:\Users\Lenovo\AppData\Local\Python\pythoncore-3.14-64\Lib\site-packages\django\template\base.py", line 518, in parse
    raise self.error(token, e)
  File "C:\Users\Lenovo\AppData\Local\Python\pythoncore-3.14-64\Lib\site-packages\django\template\base.py", line 516, in parse
    compiled_result = compile_func(self, token)
  File "C:\Users\Lenovo\AppData\Local\Python\pythoncore-3.14-64\Lib\site-packages\django\template\loader_tags.py", line 299, in do_extends
    nodelist = parser.parse()
  File "C:\Users\Lenovo\AppData\Local\Python\pythoncore-3.14-64\Lib\site-packages\django\template\base.py", line 518, in parse
    raise self.error(token, e)
  File "C:\Users\Lenovo\AppData\Local\Python\pythoncore-3.14-64\Lib\site-packages\django\template\base.py", line 516, in parse
    compiled_result = compile_func(self, token)
  File "C:\Users\Lenovo\AppData\Local\Python\pythoncore-3.14-64\Lib\site-packages\django\template\loader_tags.py", line 234, in do_block
    nodelist = parser.parse(("endblock",))
  File "C:\Users\Lenovo\AppData\Local\Python\pythoncore-3.14-64\Lib\site-packages\django\template\base.py", line 518, in parse
    raise self.error(token, e)
  File "C:\Users\Lenovo\AppData\Local\Python\pythoncore-3.14-64\Lib\site-packages\django\template\base.py", line 516, in parse
    compiled_result = compile_func(self, token)
  File "C:\Users\Lenovo\AppData\Local\Python\pythoncore-3.14-64\Lib\site-packages\django\template\defaulttags.py", line 962, in do_if
    nodelist = parser.parse(("elif", "else", "endif"))
  File "C:\Users\Lenovo\AppData\Local\Python\pythoncore-3.14-64\Lib\site-packages\django\template\base.py", line 518, in parse
    raise self.error(token, e)
  File "C:\Users\Lenovo\AppData\Local\Python\pythoncore-3.14-64\Lib\site-packages\django\template\base.py", line 516, in parse
    compiled_result = compile_func(self, token)
  File "C:\Users\Lenovo\AppData\Local\Python\pythoncore-3.14-64\Lib\site-packages\django\template\defaulttags.py", line 962, in do_if
    nodelist = parser.parse(("elif", "else", "endif"))
  File "C:\Users\Lenovo\AppData\Local\Python\pythoncore-3.14-64\Lib\site-packages\django\template\base.py", line 518, in parse
    raise self.error(token, e)
  File "C:\Users\Lenovo\AppData\Local\Python\pythoncore-3.14-64\Lib\site-packages\django\template\base.py", line 516, in parse
    compiled_result = compile_func(self, token)
  File "C:\Users\Lenovo\AppData\Local\Python\pythoncore-3.14-64\Lib\site-packages\django\template\defaulttags.py", line 861, in do_for
    sequence = parser.compile_filter(bits[in_index + 1])
  File "C:\Users\Lenovo\AppData\Local\Python\pythoncore-3.14-64\Lib\site-packages\django\template\base.py", line 609, in compile_filter
    return FilterExpression(token, self)
  File "C:\Users\Lenovo\AppData\Local\Python\pythoncore-3.14-64\Lib\site-packages\django\template\base.py", line 705, in __init__
    filter_func = parser.find_filter(filter_name)
  File "C:\Users\Lenovo\AppData\Local\Python\pythoncore-3.14-64\Lib\site-packages\django\template\base.py", line 615, in find_filter
    raise TemplateSyntaxError("Invalid filter: '%s'" % filter_name)
django.template.exceptions.TemplateSyntaxError: Invalid filter: 'rrange'
ERROR 2026-01-28 23:51:46,313 basehttp 18284 20212 "GET / HTTP/1.1" 500 145
ERROR 2026-01-28 23:51:54,704 log 18284 20212 Internal Server Error: /
Traceback (most recent call last):
  File "C:\Users\Lenovo\AppData\Local\Python\pythoncore-3.14-64\Lib\site-packages\django\core\handlers\exception.py", line 55, in inner
    response = get_response(request)
  File "C:\Users\Lenovo\AppData\Local\Python\pythoncore-3.14-64\Lib\site-packages\django\core\handlers\base.py", line 197, in _get_response
    response = wrapped_callback(request, *callback_args, **callback_kwargs)
  File "D:\Docs\PROJECT\rentalConnect\listings\views.py", line 46, in home
    return render(request, 'listings/home.html', {
        'page_obj': page_obj,
        'bookings': bookings,
        'owner_properties': owner_properties,
    })
  File "C:\Users\Lenovo\AppData\Local\Python\pythoncore-3.14-64\Lib\site-packages\django\shortcuts.py", line 25, in render
    content = loader.render_to_string(template_name, context, request, using=using)
  File "C:\Users\Lenovo\AppData\Local\Python\pythoncore-3.14-64\Lib\site-packages\django\template\loader.py", line 61, in render_to_string
    template = get_template(template_name, using=using)
  File "C:\Users\Lenovo\AppData\Local\Python\pythoncore-3.14-64\Lib\site-packages\django\template\loader.py", line 15, in get_template
    return engine.get_template(template_name)
           ~~~~~~~~~~~~~~~~~~~^^^^^^^^^^^^^^^
  File "C:\Users\Lenovo\AppData\Local\Python\pythoncore-3.14-64\Lib\site-packages\django\template\backends\django.py", line 79, in get_template
    return Template(self.engine.get_template(template_name), self)
                    ~~~~~~~~~~~~~~~~~~~~~~~~^^^^^^^^^^^^^^^
  File "C:\Users\Lenovo\AppData\Local\Python\pythoncore-3.14-64\Lib\site-packages\django\template\engine.py", line 177, in get_template
    template, origin = self.find_template(template_name)
                       ~~~~~~~~~~~~~~~~~~^^^^^^^^^^^^^^^
  File "C:\Users\Lenovo\AppData\Local\Python\pythoncore-3.14-64\Lib\site-packages\django\template\engine.py", line 159, in find_template
    template = loader.get_template(name, skip=skip)
  File "C:\Users\Lenovo\AppData\Local\Python\pythoncore-3.14-64\Lib\site-packages\django\template\loaders\cached.py", line 57, in get_template
    template = super().get_template(template_name, skip)
  File "C:\Users\Lenovo\AppData\Local\Python\pythoncore-3.14-64\Lib\site-packages\django\template\loaders\base.py", line 28, in get_template
    return Template(
        contents,
    ...<2 lines>...
        self.engine,
    )
  File "C:\Users\Lenovo\AppData\Local\Python\pythoncore-3.14-64\Lib\site-packages\django\template\base.py", line 154, in __init__
    self.nodelist = self.compile_nodelist()
                    ~~~~~~~~~~~~~~~~~~~~~^^
  File "C:\Users\Lenovo\AppData\Local\Python\pythoncore-3.14-64\Lib\site-packages\django\template\base.py", line 196, in compile_nodelist
    nodelist = parser.parse()
  File "C:\Users\Lenovo\AppData\Local\Python\pythoncore-3.14-64\Lib\site-packages\django\template\base.py", line 518, in parse
    raise self.error(token, e)
  File "C:\Users\Lenovo\AppData\Local\Python\pythoncore-3.14-64\Lib\site-packages\django\template\base.py", line 516, in parse
    compiled_result = compile_func(self, token)
  File "C:\Users\Lenovo\AppData\Local\Python\pythoncore-3.14-64\Lib\site-packages\django\template\loader_tags.py", line 299, in do_extends
    nodelist = parser.parse()
  File "C:\Users\Lenovo\AppData\Local\Python\pythoncore-3.14-64\Lib\site-packages\django\template\base.py", line 518, in parse
    raise self.error(token, e)
  File "C:\Users\Lenovo\AppData\Local\Python\pythoncore-3.14-64\Lib\site-packages\django\template\base.py", line 516, in parse
    compiled_result = compile_func(self, token)
  File "C:\Users\Lenovo\AppData\Local\Python\pythoncore-3.14-64\Lib\site-packages\django\template\loader_tags.py", line 234, in do_block
    nodelist = parser.parse(("endblock",))
  File "C:\Users\Lenovo\AppData\Local\Python\pythoncore-3.14-64\Lib\site-packages\django\template\base.py", line 518, in parse
    raise self.error(token, e)
  File "C:\Users\Lenovo\AppData\Local\Python\pythoncore-3.14-64\Lib\site-packages\django\template\base.py", line 516, in parse
    compiled_result = compile_func(self, token)
  File "C:\Users\Lenovo\AppData\Local\Python\pythoncore-3.14-64\Lib\site-packages\django\template\defaulttags.py", line 962, in do_if
    nodelist = parser.parse(("elif", "else", "endif"))
  File "C:\Users\Lenovo\AppData\Local\Python\pythoncore-3.14-64\Lib\site-packages\django\template\base.py", line 518, in parse
    raise self.error(token, e)
  File "C:\Users\Lenovo\AppData\Local\Python\pythoncore-3.14-64\Lib\site-packages\django\template\base.py", line 516, in parse
    compiled_result = compile_func(self, token)
  File "C:\Users\Lenovo\AppData\Local\Python\pythoncore-3.14-64\Lib\site-packages\django\template\defaulttags.py", line 962, in do_if
    nodelist = parser.parse(("elif", "else", "endif"))
  File "C:\Users\Lenovo\AppData\Local\Python\pythoncore-3.14-64\Lib\site-packages\django\template\base.py", line 518, in parse
    raise self.error(token, e)
  File "C:\Users\Lenovo\AppData\Local\Python\pythoncore-3.14-64\Lib\site-packages\django\template\base.py", line 516, in parse
    compiled_result = compile_func(self, token)
  File "C:\Users\Lenovo\AppData\Local\Python\pythoncore-3.14-64\Lib\site-packages\django\template\defaulttags.py", line 861, in do_for
    sequence = parser.compile_filter(bits[in_index + 1])
  File "C:\Users\Lenovo\AppData\Local\Python\pythoncore-3.14-64\Lib\site-packages\django\template\base.py", line 609, in compile_filter
    return FilterExpression(token, self)
  File "C:\Users\Lenovo\AppData\Local\Python\pythoncore-3.14-64\Lib\site-packages\django\template\base.py", line 705, in __init__
    filter_func = parser.find_filter(filter_name)
  File "C:\Users\Lenovo\AppData\Local\Python\pythoncore-3.14-64\Lib\site-packages\django\template\base.py", line 615, in find_filter
    raise TemplateSyntaxError("Invalid filter: '%s'" % filter_name)
django.template.exceptions.TemplateSyntaxError: Invalid filter: 'rrange'
ERROR 2026-01-28 23:51:54,715 basehttp 18284 20212 "GET / HTTP/1.1" 500 145
ERROR 2026-01-28 23:52:40,283 log 18284 20212 Internal Server Error: /
Traceback (most recent call last):
  File "C:\Users\Lenovo\AppData\Local\Python\pythoncore-3.14-64\Lib\site-packages\django\core\handlers\exception.py", line 55, in inner
    response = get_response(request)
  File "C:\Users\Lenovo\AppData\Local\Python\pythoncore-3.14-64\Lib\site-packages\django\core\handlers\base.py", line 197, in _get_response
    response = wrapped_callback(request, *callback_args, **callback_kwargs)
  File "D:\Docs\PROJECT\rentalConnect\listings\views.py", line 46, in home
    return render(request, 'listings/home.html', {
        'page_obj': page_obj,
        'bookings': bookings,
        'owner_properties': owner_properties,
    })
  File "C:\Users\Lenovo\AppData\Local\Python\pythoncore-3.14-64\Lib\site-packages\django\shortcuts.py", line 25, in render
    content = loader.render_to_string(template_name, context, request, using=using)
  File "C:\Users\Lenovo\AppData\Local\Python\pythoncore-3.14-64\Lib\site-packages\django\template\loader.py", line 61, in render_to_string
    template = get_template(template_name, using=using)
  File "C:\Users\Lenovo\AppData\Local\Python\pythoncore-3.14-64\Lib\site-packages\django\template\loader.py", line 15, in get_template
    return engine.get_template(template_name)
           ~~~~~~~~~~~~~~~~~~~^^^^^^^^^^^^^^^
  File "C:\Users\Lenovo\AppData\Local\Python\pythoncore-3.14-64\Lib\site-packages\django\template\backends\django.py", line 79, in get_template
    return Template(self.engine.get_template(template_name), self)
                    ~~~~~~~~~~~~~~~~~~~~~~~~^^^^^^^^^^^^^^^
  File "C:\Users\Lenovo\AppData\Local\Python\pythoncore-3.14-64\Lib\site-packages\django\template\engine.py", line 177, in get_template
    template, origin = self.find_template(template_name)
                       ~~~~~~~~~~~~~~~~~~^^^^^^^^^^^^^^^
  File "C:\Users\Lenovo\AppData\Local\Python\pythoncore-3.14-64\Lib\site-packages\django\template\engine.py", line 159, in find_template
    template = loader.get_template(name, skip=skip)
  File "C:\Users\Lenovo\AppData\Local\Python\pythoncore-3.14-64\Lib\site-packages\django\template\loaders\cached.py", line 57, in get_template
    template = super().get_template(template_name, skip)
  File "C:\Users\Lenovo\AppData\Local\Python\pythoncore-3.14-64\Lib\site-packages\django\template\loaders\base.py", line 28, in get_template
    return Template(
        contents,
    ...<2 lines>...
        self.engine,
    )
  File "C:\Users\Lenovo\AppData\Local\Python\pythoncore-3.14-64\Lib\site-packages\django\template\base.py", line 154, in __init__
    self.nodelist = self.compile_nodelist()
                    ~~~~~~~~~~~~~~~~~~~~~^^
  File "C:\Users\Lenovo\AppData\Local\Python\pythoncore-3.14-64\Lib\site-packages\django\template\base.py", line 196, in compile_nodelist
    nodelist = parser.parse()
  File "C:\Users\Lenovo\AppData\Local\Python\pythoncore-3.14-64\Lib\site-packages\django\template\base.py", line 518, in parse
    raise self.error(token, e)
  File "C:\Users\Lenovo\AppData\Local\Python\pythoncore-3.14-64\Lib\site-packages\django\template\base.py", line 516, in parse
    compiled_result = compile_func(self, token)
  File "C:\Users\Lenovo\AppData\Local\Python\pythoncore-3.14-64\Lib\site-packages\django\template\loader_tags.py", line 299, in do_extends
    nodelist = parser.parse()
  File "C:\Users\Lenovo\AppData\Local\Python\pythoncore-3.14-64\Lib\site-packages\django\template\base.py", line 518, in parse
    raise self.error(token, e)
  File "C:\Users\Lenovo\AppData\Local\Python\pythoncore-3.14-64\Lib\site-packages\django\template\base.py", line 516, in parse
    compiled_result = compile_func(self, token)
  File "C:\Users\Lenovo\AppData\Local\Python\pythoncore-3.14-64\Lib\site-packages\django\template\loader_tags.py", line 234, in do_block
    nodelist = parser.parse(("endblock",))
  File "C:\Users\Lenovo\AppData\Local\Python\pythoncore-3.14-64\Lib\site-packages\django\template\base.py", line 518, in parse
    raise self.error(token, e)
  File "C:\Users\Lenovo\AppData\Local\Python\pythoncore-3.14-64\Lib\site-packages\django\template\base.py", line 516, in parse
    compiled_result = compile_func(self, token)
  File "C:\Users\Lenovo\AppData\Local\Python\pythoncore-3.14-64\Lib\site-packages\django\template\defaulttags.py", line 962, in do_if
    nodelist = parser.parse(("elif", "else", "endif"))
  File "C:\Users\Lenovo\AppData\Local\Python\pythoncore-3.14-64\Lib\site-packages\django\template\base.py", line 518, in parse
    raise self.error(token, e)
  File "C:\Users\Lenovo\AppData\Local\Python\pythoncore-3.14-64\Lib\site-packages\django\template\base.py", line 516, in parse
    compiled_result = compile_func(self, token)
  File "C:\Users\Lenovo\AppData\Local\Python\pythoncore-3.14-64\Lib\site-packages\django\template\defaulttags.py", line 962, in do_if
    nodelist = parser.parse(("elif", "else", "endif"))
  File "C:\Users\Lenovo\AppData\Local\Python\pythoncore-3.14-64\Lib\site-packages\django\template\base.py", line 518, in parse
    raise self.error(token, e)
  File "C:\Users\Lenovo\AppData\Local\Python\pythoncore-3.14-64\Lib\site-packages\django\template\base.py", line 516, in parse
    compiled_result = compile_func(self, token)
  File "C:\Users\Lenovo\AppData\Local\Python\pythoncore-3.14-64\Lib\site-packages\django\template\defaulttags.py", line 861, in do_for
    sequence = parser.compile_filter(bits[in_index + 1])
  File "C:\Users\Lenovo\AppData\Local\Python\pythoncore-3.14-64\Lib\site-packages\django\template\base.py", line 609, in compile_filter
    return FilterExpression(token, self)
  File "C:\Users\Lenovo\AppData\Local\Python\pythoncore-3.14-64\Lib\site-packages\django\template\base.py", line 705, in __init__
    filter_func = parser.find_filter(filter_name)
  File "C:\Users\Lenovo\AppData\Local\Python\pythoncore-3.14-64\Lib\site-packages\django\template\base.py", line 615, in find_filter
    raise TemplateSyntaxError("Invalid filter: '%s'" % filter_name)
django.template.exceptions.TemplateSyntaxError: Invalid filter: 'rrange'
ERROR 2026-01-28 23:52:40,295 basehttp 18284 20212 "GET / HTTP/1.1" 500 145
ERROR 2026-01-29 02:04:32,265 log 11056 15600 Internal Server Error: /users/register/
Traceback (most recent call last):
  File "C:\Users\Lenovo\AppData\Local\Python\pythoncore-3.14-64\Lib\site-packages\django\template\smartif.py", line 180, in translate_token
    op = OPERATORS[token]
         ~~~~~~~~~^^^^^^^
KeyError: 'form_errors.__all__'

During handling of the above exception, another exception occurred:

Traceback (most recent call last):
  File "C:\Users\Lenovo\AppData\Local\Python\pythoncore-3.14-64\Lib\site-packages\django\template\base.py", line 823, in __init__
    self.literal = float(var)
                   ~~~~~^^^^^
ValueError: could not convert string to float: 'form_errors.__all__'

During handling of the above exception, another exception occurred:

Traceback (most recent call last):
  File "C:\Users\Lenovo\AppData\Local\Python\pythoncore-3.14-64\Lib\site-packages\django\template\base.py", line 839, in __init__
    self.literal = mark_safe(unescape_string_literal(var))
                             ~~~~~~~~~~~~~~~~~~~~~~~^^^^^
  File "C:\Users\Lenovo\AppData\Local\Python\pythoncore-3.14-64\Lib\site-packages\django\utils\functional.py", line 231, in wrapper
    return func(*args, **kwargs)
  File "C:\Users\Lenovo\AppData\Local\Python\pythoncore-3.14-64\Lib\site-packages\django\utils\text.py", line 447, in unescape_string_literal
    raise ValueError("Not a string literal: %r" % s)
ValueError: Not a string literal: 'form_errors.__all__'

During handling of the above exception, another exception occurred:

Traceback (most recent call last):
  File "C:\Users\Lenovo\AppData\Local\Python\pythoncore-3.14-64\Lib\site-packages\django\core\handlers\exception.py", line 55, in inner
    response = get_response(request)
  File "C:\Users\Lenovo\AppData\Local\Python\pythoncore-3.14-64\Lib\site-packages\django\core\handlers\base.py", line 197, in _get_response
    response = wrapped_callback(request, *callback_args, **callback_kwargs)
  File "D:\Docs\PROJECT\rentalConnect\users\views.py", line 40, in register
    return render(request, 'registration/register.html', {
        'form_errors': {},
    })
  File "C:\Users\Lenovo\AppData\Local\Python\pythoncore-3.14-64\Lib\site-packages\django\shortcuts.py", line 25, in render
    content = loader.render_to_string(template_name, context, request, using=using)
  File "C:\Users\Lenovo\AppData\Local\Python\pythoncore-3.14-64\Lib\site-packages\django\template\loader.py", line 61, in render_to_string
    template = get_template(template_name, using=using)
  File "C:\Users\Lenovo\AppData\Local\Python\pythoncore-3.14-64\Lib\site-packages\django\template\loader.py", line 15, in get_template
    return engine.get_template(template_name)
           ~~~~~~~~~~~~~~~~~~~^^^^^^^^^^^^^^^
  File "C:\Users\Lenovo\AppData\Local\Python\pythoncore-3.14-64\Lib\site-packages\django\template\backends\django.py", line 79, in get_template
    return Template(self.engine.get_template(template_name), self)
                    ~~~~~~~~~~~~~~~~~~~~~~~~^^^^^^^^^^^^^^^
  File "C:\Users\Lenovo\AppData\Local\Python\pythoncore-3.14-64\Lib\site-packages\django\template\engine.py", line 177, in get_template
    template, origin = self.find_template(template_name)
                       ~~~~~~~~~~~~~~~~~~^^^^^^^^^^^^^^^
  File "C:\Users\Lenovo\AppData\Local\Python\pythoncore-3.14-64\Lib\site-packages\django\template\engine.py", line 159, in find_template
    template = loader.get_template(name, skip=skip)
  File "C:\Users\Lenovo\AppData\Local\Python\pythoncore-3.14-64\Lib\site-packages\django\template\loaders\cached.py", line 57, in get_template
    template = super().get_template(template_name, skip)
  File "C:\Users\Lenovo\AppData\Local\Python\pythoncore-3.14-64\Lib\site-packages\django\template\loaders\base.py", line 28, in get_template
    return Template(
        contents,
    ...<2 lines>...
        self.engine,
    )
  File "C:\Users\Lenovo\AppData\Local\Python\pythoncore-3.14-64\Lib\site-packages\django\template\base.py", line 154, in __init__
    self.nodelist = self.compile_nodelist()
                    ~~~~~~~~~~~~~~~~~~~~~^^
  File "C:\Users\Lenovo\AppData\Local\Python\pythoncore-3.14-64\Lib\site-packages\django\template\base.py", line 196, in compile_nodelist
    nodelist = parser.parse()
  File "C:\Users\Lenovo\AppData\Local\Python\pythoncore-3.14-64\Lib\site-packages\django\template\base.py", line 518, in parse
    raise self.error(token, e)
  File "C:\Users\Lenovo\AppData\Local\Python\pythoncore-3.14-64\Lib\site-packages\django\template\base.py", line 516, in parse
    compiled_result = compile_func(self, token)
  File "C:\Users\Lenovo\AppData\Local\Python\pythoncore-3.14-64\Lib\site-packages\django\template\loader_tags.py", line 299, in do_extends
    nodelist = parser.parse()
  File "C:\Users\Lenovo\AppData\Local\Python\pythoncore-3.14-64\Lib\site-packages\django\template\base.py", line 518, in parse
    raise self.error(token, e)
  File "C:\Users\Lenovo\AppData\Local\Python\pythoncore-3.14-64\Lib\site-packages\django\template\base.py", line 516, in parse
    compiled_result = compile_func(self, token)
  File "C:\Users\Lenovo\AppData\Local\Python\pythoncore-3.14-64\Lib\site-packages\django\template\loader_tags.py", line 234, in do_block
    nodelist = parser.parse(("endblock",))
  File "C:\Users\Lenovo\AppData\Local\Python\pythoncore-3.14-64\Lib\site-packages\django\template\base.py", line 518, in parse
    raise self.error(token, e)
  File "C:\Users\Lenovo\AppData\Local\Python\pythoncore-3.14-64\Lib\site-packages\django\template\base.py", line 516, in parse
    compiled_result = compile_func(self, token)
  File "C:\Users\Lenovo\AppData\Local\Python\pythoncore-3.14-64\Lib\site-packages\django\template\defaulttags.py", line 961, in do_if
    condition = TemplateIfParser(parser, bits).parse()
                ~~~~~~~~~~~~~~~~^^^^^^^^^^^^^^
  File "C:\Users\Lenovo\AppData\Local\Python\pythoncore-3.14-64\Lib\site-packages\django\template\defaulttags.py", line 894, in __init__
    super().__init__(*args, **kwargs)
    ~~~~~~~~~~~~~~~~^^^^^^^^^^^^^^^^^
  File "C:\Users\Lenovo\AppData\Local\Python\pythoncore-3.14-64\Lib\site-packages\django\template\smartif.py", line 171, in __init__
    mapped_tokens.append(self.translate_token(token))
                         ~~~~~~~~~~~~~~~~~~~~^^^^^^^
  File "C:\Users\Lenovo\AppData\Local\Python\pythoncore-3.14-64\Lib\site-packages\django\template\smartif.py", line 182, in translate_token
    return self.create_var(token)
           ~~~~~~~~~~~~~~~^^^^^^^
  File "C:\Users\Lenovo\AppData\Local\Python\pythoncore-3.14-64\Lib\site-packages\django\template\defaulttags.py", line 897, in create_var
    return TemplateLiteral(self.template_parser.compile_filter(value), value)
                           ~~~~~~~~~~~~~~~~~~~~~~~~~~~~~~~~~~~^^^^^^^
  File "C:\Users\Lenovo\AppData\Local\Python\pythoncore-3.14-64\Lib\site-packages\django\template\base.py", line 609, in compile_filter
    return FilterExpression(token, self)
  File "C:\Users\Lenovo\AppData\Local\Python\pythoncore-3.14-64\Lib\site-packages\django\template\base.py", line 697, in __init__
    var_obj = Variable(var)
  File "C:\Users\Lenovo\AppData\Local\Python\pythoncore-3.14-64\Lib\site-packages\django\template\base.py", line 844, in __init__
    raise TemplateSyntaxError(
    ...<2 lines>...
    )
django.template.exceptions.TemplateSyntaxError: Variables and attributes may not begin with underscores: 'form_errors.__all__'
ERROR 2026-01-29 02:04:32,276 basehttp 11056 15600 "GET /users/register/ HTTP/1.1" 500 256032
ERROR 2026-01-29 07:33:20,459 log 8252 5804 Internal Server Error: /property/4/book/
Traceback (most recent call last):
  File "C:\Users\Lenovo\AppData\Local\Python\pythoncore-3.14-64\Lib\site-packages\django\core\handlers\exception.py", line 55, in inner
    response = get_response(request)
  File "C:\Users\Lenovo\AppData\Local\Python\pythoncore-3.14-64\Lib\site-packages\django\core\handlers\base.py", line 197, in _get_response
    response = wrapped_callback(request, *callback_args, **callback_kwargs)
  File "C:\Users\Lenovo\AppData\Local\Python\pythoncore-3.14-64\Lib\site-packages\django\contrib\auth\decorators.py", line 59, in _view_wrapper
    return view_func(request, *args, **kwargs)
  File "D:\Docs\PROJECT\rentalConnect\listings\views.py", line 577, in request_booking
    if form.is_valid():
       ~~~~~~~~~~~~~^^
  File "C:\Users\Lenovo\AppData\Local\Python\pythoncore-3.14-64\Lib\site-packages\django\forms\forms.py", line 206, in is_valid
    return self.is_bound and not self.errors
                                 ^^^^^^^^^^^
  File "C:\Users\Lenovo\AppData\Local\Python\pythoncore-3.14-64\Lib\site-packages\django\forms\forms.py", line 201, in errors
    self.full_clean()
    ~~~~~~~~~~~~~~~^^
  File "C:\Users\Lenovo\AppData\Local\Python\pythoncore-3.14-64\Lib\site-packages\django\forms\forms.py", line 339, in full_clean
    self._post_clean()
    ~~~~~~~~~~~~~~~~^^
  File "C:\Users\Lenovo\AppData\Local\Python\pythoncore-3.14-64\Lib\site-packages\django\forms\models.py", line 498, in _post_clean
    self.instance.full_clean(exclude=exclude, validate_unique=False)
    ~~~~~~~~~~~~~~~~~~~~~~~~^^^^^^^^^^^^^^^^^^^^^^^^^^^^^^^^^^^^^^^^
  File "C:\Users\Lenovo\AppData\Local\Python\pythoncore-3.14-64\Lib\site-packages\django\db\models\base.py", line 1654, in full_clean
    self.clean()
    ~~~~~~~~~~^^
  File "D:\Docs\PROJECT\rentalConnect\listings\models.py", line 82, in clean
    property=self.property,
             ^^^^^^^^^^^^^
  File "C:\Users\Lenovo\AppData\Local\Python\pythoncore-3.14-64\Lib\site-packages\django\db\models\fields\related_descriptors.py", line 271, in __get__
    raise self.RelatedObjectDoesNotExist(
        "%s has no %s." % (self.field.model.__name__, self.field.name)
    )
listings.models.Booking.property.RelatedObjectDoesNotExist: Booking has no property.. Did you mean: 'property_id'?
ERROR 2026-01-29 07:33:20,496 basehttp 8252 5804 "POST /property/4/book/ HTTP/1.1" 500 105632
ERROR 2026-01-29 07:37:37,779 log 23808 19460 Internal Server Error: /property/4/book/
Traceback (most recent call last):
  File "C:\Users\Lenovo\AppData\Local\Python\pythoncore-3.14-64\Lib\site-packages\django\core\handlers\exception.py", line 55, in inner
    response = get_response(request)
  File "C:\Users\Lenovo\AppData\Local\Python\pythoncore-3.14-64\Lib\site-packages\django\core\handlers\base.py", line 197, in _get_response
    response = wrapped_callback(request, *callback_args, **callback_kwargs)
  File "C:\Users\Lenovo\AppData\Local\Python\pythoncore-3.14-64\Lib\site-packages\django\contrib\auth\decorators.py", line 59, in _view_wrapper
    return view_func(request, *args, **kwargs)
  File "D:\Docs\PROJECT\rentalConnect\listings\views.py", line 577, in request_booking
    if form.is_valid():
       ~~~~~~~~~~~~~^^
  File "C:\Users\Lenovo\AppData\Local\Python\pythoncore-3.14-64\Lib\site-packages\django\forms\forms.py", line 206, in is_valid
    return self.is_bound and not self.errors
                                 ^^^^^^^^^^^
  File "C:\Users\Lenovo\AppData\Local\Python\pythoncore-3.14-64\Lib\site-packages\django\forms\forms.py", line 201, in errors
    self.full_clean()
    ~~~~~~~~~~~~~~~^^
  File "C:\Users\Lenovo\AppData\Local\Python\pythoncore-3.14-64\Lib\site-packages\django\forms\forms.py", line 339, in full_clean
    self._post_clean()
    ~~~~~~~~~~~~~~~~^^
  File "C:\Users\Lenovo\AppData\Local\Python\pythoncore-3.14-64\Lib\site-packages\django\forms\models.py", line 498, in _post_clean
    self.instance.full_clean(exclude=exclude, validate_unique=False)
    ~~~~~~~~~~~~~~~~~~~~~~~~^^^^^^^^^^^^^^^^^^^^^^^^^^^^^^^^^^^^^^^^
  File "C:\Users\Lenovo\AppData\Local\Python\pythoncore-3.14-64\Lib\site-packages\django\db\models\base.py", line 1654, in full_clean
    self.clean()
    ~~~~~~~~~~^^
  File "D:\Docs\PROJECT\rentalConnect\listings\models.py", line 82, in clean
    property=self.property,
             ^^^^^^^^^^^^^
  File "C:\Users\Lenovo\AppData\Local\Python\pythoncore-3.14-64\Lib\site-packages\django\db\models\fields\related_descriptors.py", line 271, in __get__
    raise self.RelatedObjectDoesNotExist(
        "%s has no %s." % (self.field.model.__name__, self.field.name)
    )
listings.models.Booking.property.RelatedObjectDoesNotExist: Booking has no property.. Did you mean: 'property_id'?
ERROR 2026-01-29 07:37:37,801 basehttp 23808 19460 "POST /property/4/book/ HTTP/1.1" 500 105637
ERROR 2026-01-29 07:38:52,496 log 9476 3388 Internal Server Error: /property/4/book/
Traceback (most recent call last):
  File "C:\Users\Lenovo\AppData\Local\Python\pythoncore-3.14-64\Lib\site-packages\django\core\handlers\exception.py", line 55, in inner
    response = get_response(request)
  File "C:\Users\Lenovo\AppData\Local\Python\pythoncore-3.14-64\Lib\site-packages\django\core\handlers\base.py", line 197, in _get_response
    response = wrapped_callback(request, *callback_args, **callback_kwargs)
  File "C:\Users\Lenovo\AppData\Local\Python\pythoncore-3.14-64\Lib\site-packages\django\contrib\auth\decorators.py", line 59, in _view_wrapper
    return view_func(request, *args, **kwargs)
  File "D:\Docs\PROJECT\rentalConnect\listings\views.py", line 580, in request_booking
    if form.is_valid():
       ~~~~~~~~~~~~~^^
  File "C:\Users\Lenovo\AppData\Local\Python\pythoncore-3.14-64\Lib\site-packages\django\forms\forms.py", line 206, in is_valid
    return self.is_bound and not self.errors
                                 ^^^^^^^^^^^
  File "C:\Users\Lenovo\AppData\Local\Python\pythoncore-3.14-64\Lib\site-packages\django\forms\forms.py", line 201, in errors
    self.full_clean()
    ~~~~~~~~~~~~~~~^^
  File "C:\Users\Lenovo\AppData\Local\Python\pythoncore-3.14-64\Lib\site-packages\django\forms\forms.py", line 339, in full_clean
    self._post_clean()
    ~~~~~~~~~~~~~~~~^^
  File "C:\Users\Lenovo\AppData\Local\Python\pythoncore-3.14-64\Lib\site-packages\django\forms\models.py", line 498, in _post_clean
    self.instance.full_clean(exclude=exclude, validate_unique=False)
    ~~~~~~~~~~~~~~~~~~~~~~~~^^^^^^^^^^^^^^^^^^^^^^^^^^^^^^^^^^^^^^^^
  File "C:\Users\Lenovo\AppData\Local\Python\pythoncore-3.14-64\Lib\site-packages\django\db\models\base.py", line 1654, in full_clean
    self.clean()
    ~~~~~~~~~~^^
  File "D:\Docs\PROJECT\rentalConnect\listings\models.py", line 82, in clean
    property=self.property,
             ^^^^^^^^^^^^^
  File "C:\Users\Lenovo\AppData\Local\Python\pythoncore-3.14-64\Lib\site-packages\django\db\models\fields\related_descriptors.py", line 271, in __get__
    raise self.RelatedObjectDoesNotExist(
        "%s has no %s." % (self.field.model.__name__, self.field.name)
    )
listings.models.Booking.property.RelatedObjectDoesNotExist: Booking has no property.. Did you mean: 'property_id'?
ERROR 2026-01-29 07:38:52,523 basehttp 9476 3388 "POST /property/4/book/ HTTP/1.1" 500 105932
ERROR 2026-01-29 07:38:57,890 log 9476 3388 Internal Server Error: /property/4/book/
Traceback (most recent call last):
  File "C:\Users\Lenovo\AppData\Local\Python\pythoncore-3.14-64\Lib\site-packages\django\core\handlers\exception.py", line 55, in inner
    response = get_response(request)
  File "C:\Users\Lenovo\AppData\Local\Python\pythoncore-3.14-64\Lib\site-packages\django\core\handlers\base.py", line 197, in _get_response
    response = wrapped_callback(request, *callback_args, **callback_kwargs)
  File "C:\Users\Lenovo\AppData\Local\Python\pythoncore-3.14-64\Lib\site-packages\django\contrib\auth\decorators.py", line 59, in _view_wrapper
    return view_func(request, *args, **kwargs)
  File "D:\Docs\PROJECT\rentalConnect\listings\views.py", line 580, in request_booking
    if form.is_valid():
       ~~~~~~~~~~~~~^^
  File "C:\Users\Lenovo\AppData\Local\Python\pythoncore-3.14-64\Lib\site-packages\django\forms\forms.py", line 206, in is_valid
    return self.is_bound and not self.errors
                                 ^^^^^^^^^^^
  File "C:\Users\Lenovo\AppData\Local\Python\pythoncore-3.14-64\Lib\site-packages\django\forms\forms.py", line 201, in errors
    self.full_clean()
    ~~~~~~~~~~~~~~~^^
  File "C:\Users\Lenovo\AppData\Local\Python\pythoncore-3.14-64\Lib\site-packages\django\forms\forms.py", line 339, in full_clean
    self._post_clean()
    ~~~~~~~~~~~~~~~~^^
  File "C:\Users\Lenovo\AppData\Local\Python\pythoncore-3.14-64\Lib\site-packages\django\forms\models.py", line 498, in _post_clean
    self.instance.full_clean(exclude=exclude, validate_unique=False)
    ~~~~~~~~~~~~~~~~~~~~~~~~^^^^^^^^^^^^^^^^^^^^^^^^^^^^^^^^^^^^^^^^
  File "C:\Users\Lenovo\AppData\Local\Python\pythoncore-3.14-64\Lib\site-packages\django\db\models\base.py", line 1654, in full_clean
    self.clean()
    ~~~~~~~~~~^^
  File "D:\Docs\PROJECT\rentalConnect\listings\models.py", line 82, in clean
    property=self.property,
             ^^^^^^^^^^^^^
  File "C:\Users\Lenovo\AppData\Local\Python\pythoncore-3.14-64\Lib\site-packages\django\db\models\fields\related_descriptors.py", line 271, in __get__
    raise self.RelatedObjectDoesNotExist(
        "%s has no %s." % (self.field.model.__name__, self.field.name)
    )
listings.models.Booking.property.RelatedObjectDoesNotExist: Booking has no property.. Did you mean: 'property_id'?
ERROR 2026-01-29 07:38:57,899 basehttp 9476 3388 "POST /property/4/book/ HTTP/1.1" 500 105932
ERROR 2026-01-29 07:51:04,233 log 25616 9592 Internal Server Error: /property/5/
Traceback (most recent call last):
  File "C:\Users\Lenovo\AppData\Local\Python\pythoncore-3.14-64\Lib\site-packages\django\core\handlers\exception.py", line 55, in inner
    response = get_response(request)
  File "C:\Users\Lenovo\AppData\Local\Python\pythoncore-3.14-64\Lib\site-packages\django\core\handlers\base.py", line 197, in _get_response
    response = wrapped_callback(request, *callback_args, **callback_kwargs)
  File "D:\Docs\PROJECT\rentalConnect\listings\views.py", line 254, in property_detail
    return render(request, 'listings/property_detail.html', {
        'property': prop,
        'recommendations': recommendations,
    })
  File "C:\Users\Lenovo\AppData\Local\Python\pythoncore-3.14-64\Lib\site-packages\django\shortcuts.py", line 25, in render
    content = loader.render_to_string(template_name, context, request, using=using)
  File "C:\Users\Lenovo\AppData\Local\Python\pythoncore-3.14-64\Lib\site-packages\django\template\loader.py", line 61, in render_to_string
    template = get_template(template_name, using=using)
  File "C:\Users\Lenovo\AppData\Local\Python\pythoncore-3.14-64\Lib\site-packages\django\template\loader.py", line 15, in get_template
    return engine.get_template(template_name)
           ~~~~~~~~~~~~~~~~~~~^^^^^^^^^^^^^^^
  File "C:\Users\Lenovo\AppData\Local\Python\pythoncore-3.14-64\Lib\site-packages\django\template\backends\django.py", line 79, in get_template
    return Template(self.engine.get_template(template_name), self)
                    ~~~~~~~~~~~~~~~~~~~~~~~~^^^^^^^^^^^^^^^
  File "C:\Users\Lenovo\AppData\Local\Python\pythoncore-3.14-64\Lib\site-packages\django\template\engine.py", line 177, in get_template
    template, origin = self.find_template(template_name)
                       ~~~~~~~~~~~~~~~~~~^^^^^^^^^^^^^^^
  File "C:\Users\Lenovo\AppData\Local\Python\pythoncore-3.14-64\Lib\site-packages\django\template\engine.py", line 159, in find_template
    template = loader.get_template(name, skip=skip)
  File "C:\Users\Lenovo\AppData\Local\Python\pythoncore-3.14-64\Lib\site-packages\django\template\loaders\cached.py", line 57, in get_template
    template = super().get_template(template_name, skip)
  File "C:\Users\Lenovo\AppData\Local\Python\pythoncore-3.14-64\Lib\site-packages\django\template\loaders\base.py", line 28, in get_template
    return Template(
        contents,
    ...<2 lines>...
        self.engine,
    )
  File "C:\Users\Lenovo\AppData\Local\Python\pythoncore-3.14-64\Lib\site-packages\django\template\base.py", line 154, in __init__
    self.nodelist = self.compile_nodelist()
                    ~~~~~~~~~~~~~~~~~~~~~^^
  File "C:\Users\Lenovo\AppData\Local\Python\pythoncore-3.14-64\Lib\site-packages\django\template\base.py", line 196, in compile_nodelist
    nodelist = parser.parse()
  File "C:\Users\Lenovo\AppData\Local\Python\pythoncore-3.14-64\Lib\site-packages\django\template\base.py", line 518, in parse
    raise self.error(token, e)
  File "C:\Users\Lenovo\AppData\Local\Python\pythoncore-3.14-64\Lib\site-packages\django\template\base.py", line 516, in parse
    compiled_result = compile_func(self, token)
  File "C:\Users\Lenovo\AppData\Local\Python\pythoncore-3.14-64\Lib\site-packages\django\template\loader_tags.py", line 299, in do_extends
    nodelist = parser.parse()
  File "C:\Users\Lenovo\AppData\Local\Python\pythoncore-3.14-64\Lib\site-packages\django\template\base.py", line 518, in parse
    raise self.error(token, e)
  File "C:\Users\Lenovo\AppData\Local\Python\pythoncore-3.14-64\Lib\site-packages\django\template\base.py", line 516, in parse
    compiled_result = compile_func(self, token)
  File "C:\Users\Lenovo\AppData\Local\Python\pythoncore-3.14-64\Lib\site-packages\django\template\loader_tags.py", line 234, in do_block
    nodelist = parser.parse(("endblock",))
  File "C:\Users\Lenovo\AppData\Local\Python\pythoncore-3.14-64\Lib\site-packages\django\template\base.py", line 523, in parse
    self.unclosed_block_tag(parse_until)
    ~~~~~~~~~~~~~~~~~~~~~~~^^^^^^^^^^^^^
  File "C:\Users\Lenovo\AppData\Local\Python\pythoncore-3.14-64\Lib\site-packages\django\template\base.py", line 590, in unclosed_block_tag
    raise self.error(token, msg)
django.template.exceptions.TemplateSyntaxError: Unclosed tag on line 2: 'block'. Looking for one of: endblock.
ERROR 2026-01-29 07:51:04,245 basehttp 25616 9592 "GET /property/5/ HTTP/1.1" 500 179091
ERROR 2026-01-29 08:14:54,175 log 20876 21704 Internal Server Error: /users/register/
Traceback (most recent call last):
  File "D:\Docs\PROJECT\rentalConnect\users\forms.py", line 94, in clean
    password_validation.validate_password(pw)
    ~~~~~~~~~~~~~~~~~~~~~~~~~~~~~~~~~~~~~^^^^
  File "C:\Users\Lenovo\AppData\Local\Python\pythoncore-3.14-64\Lib\site-packages\django\contrib\auth\password_validation.py", line 57, in validate_password
    raise ValidationError(errors)
django.core.exceptions.ValidationError: ['This password is too common.']

During handling of the above exception, another exception occurred:

Traceback (most recent call last):
  File "C:\Users\Lenovo\AppData\Local\Python\pythoncore-3.14-64\Lib\site-packages\django\core\handlers\exception.py", line 55, in inner
    response = get_response(request)
  File "C:\Users\Lenovo\AppData\Local\Python\pythoncore-3.14-64\Lib\site-packages\django\core\handlers\base.py", line 197, in _get_response
    response = wrapped_callback(request, *callback_args, **callback_kwargs)
  File "D:\Docs\PROJECT\rentalConnect\users\views.py", line 21, in register
    if form.is_valid():
       ~~~~~~~~~~~~~^^
  File "C:\Users\Lenovo\AppData\Local\Python\pythoncore-3.14-64\Lib\site-packages\django\forms\forms.py", line 206, in is_valid
    return self.is_bound and not self.errors
                                 ^^^^^^^^^^^
  File "C:\Users\Lenovo\AppData\Local\Python\pythoncore-3.14-64\Lib\site-packages\django\forms\forms.py", line 201, in errors
    self.full_clean()
    ~~~~~~~~~~~~~~~^^
  File "C:\Users\Lenovo\AppData\Local\Python\pythoncore-3.14-64\Lib\site-packages\django\forms\forms.py", line 338, in full_clean
    self._clean_form()
    ~~~~~~~~~~~~~~~~^^
  File "C:\Users\Lenovo\AppData\Local\Python\pythoncore-3.14-64\Lib\site-packages\django\forms\forms.py", line 354, in _clean_form
    cleaned_data = self.clean()
  File "D:\Docs\PROJECT\rentalConnect\users\forms.py", line 96, in clean
    self.add_error('password', e.message)
                               ^^^^^^^^^
AttributeError: 'ValidationError' object has no attribute 'message'. Did you mean: 'messages'?
ERROR 2026-01-29 08:14:54,190 basehttp 20876 21704 "POST /users/register/ HTTP/1.1" 500 100818
ERROR 2026-02-24 22:18:28,121 log 18716 25252 Internal Server Error: /users/register/
Traceback (most recent call last):
  File "D:\Docs\PROJECT\rentalConnect\users\forms.py", line 94, in clean
    password_validation.validate_password(pw)
    ~~~~~~~~~~~~~~~~~~~~~~~~~~~~~~~~~~~~~^^^^
  File "C:\Users\Lenovo\AppData\Local\Python\pythoncore-3.14-64\Lib\site-packages\django\contrib\auth\password_validation.py", line 57, in validate_password
    raise ValidationError(errors)
django.core.exceptions.ValidationError: ['This password is too common.']

During handling of the above exception, another exception occurred:

Traceback (most recent call last):
  File "C:\Users\Lenovo\AppData\Local\Python\pythoncore-3.14-64\Lib\site-packages\django\core\handlers\exception.py", line 55, in inner
    response = get_response(request)
  File "C:\Users\Lenovo\AppData\Local\Python\pythoncore-3.14-64\Lib\site-packages\django\core\handlers\base.py", line 197, in _get_response
    response = wrapped_callback(request, *callback_args, **callback_kwargs)
  File "D:\Docs\PROJECT\rentalConnect\users\views.py", line 21, in register
    if form.is_valid():
       ~~~~~~~~~~~~~^^
  File "C:\Users\Lenovo\AppData\Local\Python\pythoncore-3.14-64\Lib\site-packages\django\forms\forms.py", line 206, in is_valid
    return self.is_bound and not self.errors
                                 ^^^^^^^^^^^
  File "C:\Users\Lenovo\AppData\Local\Python\pythoncore-3.14-64\Lib\site-packages\django\forms\forms.py", line 201, in errors
    self.full_clean()
    ~~~~~~~~~~~~~~~^^
  File "C:\Users\Lenovo\AppData\Local\Python\pythoncore-3.14-64\Lib\site-packages\django\forms\forms.py", line 338, in full_clean
    self._clean_form()
    ~~~~~~~~~~~~~~~~^^
  File "C:\Users\Lenovo\AppData\Local\Python\pythoncore-3.14-64\Lib\site-packages\django\forms\forms.py", line 354, in _clean_form
    cleaned_data = self.clean()
  File "D:\Docs\PROJECT\rentalConnect\users\forms.py", line 96, in clean
    self.add_error('password', e.message)
                               ^^^^^^^^^
AttributeError: 'ValidationError' object has no attribute 'message'. Did you mean: 'messages'?
ERROR 2026-02-24 22:18:28,133 basehttp 18716 25252 "POST /users/register/ HTTP/1.1" 500 100806
ERROR 2026-02-24 22:20:07,636 log 19020 10832 Invalid HTTP_HOST header: 'testserver'. You may need to add 'testserver' to ALLOWED_HOSTS.
Traceback (most recent call last):
  File "c:\Users\Lenovo\AppData\Local\Python\pythoncore-3.14-64\Lib\site-packages\django\core\handlers\exception.py", line 55, in inner
    response = get_response(request)
  File "c:\Users\Lenovo\AppData\Local\Python\pythoncore-3.14-64\Lib\site-packages\django\utils\deprecation.py", line 119, in __call__
    response = self.process_request(request)
  File "c:\Users\Lenovo\AppData\Local\Python\pythoncore-3.14-64\Lib\site-packages\django\middleware\common.py", line 48, in process_request
    host = request.get_host()
  File "c:\Users\Lenovo\AppData\Local\Python\pythoncore-3.14-64\Lib\site-packages\django\http\request.py", line 202, in get_host
    raise DisallowedHost(msg)
django.core.exceptions.DisallowedHost: Invalid HTTP_HOST header: 'testserver'. You may need to add 'testserver' to ALLOWED_HOSTS.
ERROR 2026-02-26 07:35:17,324 log 19028 14296 Internal Server Error: /property/10/
Traceback (most recent call last):
  File "D:\Docs\PROJECT\rentalConnect\.venv\Lib\site-packages\django\template\smartif.py", line 181, in translate_token
    op = OPERATORS[token]
         ~~~~~~~~~^^^^^^^
KeyError: "['pending','approved']"

During handling of the above exception, another exception occurred:

Traceback (most recent call last):
  File "D:\Docs\PROJECT\rentalConnect\.venv\Lib\site-packages\django\core\handlers\exception.py", line 55, in inner
    response = get_response(request)
  File "D:\Docs\PROJECT\rentalConnect\.venv\Lib\site-packages\django\core\handlers\base.py", line 198, in _get_response
    response = wrapped_callback(request, *callback_args, **callback_kwargs)
  File "D:\Docs\PROJECT\rentalConnect\listings\views.py", line 567, in property_detail
    return render(request, 'listings/property_detail.html', {
        'property': prop,
    ...<4 lines>...
        'today': timezone.now().date(),
    })
  File "D:\Docs\PROJECT\rentalConnect\.venv\Lib\site-packages\django\shortcuts.py", line 25, in render
    content = loader.render_to_string(template_name, context, request, using=using)
  File "D:\Docs\PROJECT\rentalConnect\.venv\Lib\site-packages\django\template\loader.py", line 61, in render_to_string
    template = get_template(template_name, using=using)
  File "D:\Docs\PROJECT\rentalConnect\.venv\Lib\site-packages\django\template\loader.py", line 15, in get_template
    return engine.get_template(template_name)
           ~~~~~~~~~~~~~~~~~~~^^^^^^^^^^^^^^^
  File "D:\Docs\PROJECT\rentalConnect\.venv\Lib\site-packages\django\template\backends\django.py", line 79, in get_template
    return Template(self.engine.get_template(template_name), self)
                    ~~~~~~~~~~~~~~~~~~~~~~~~^^^^^^^^^^^^^^^
  File "D:\Docs\PROJECT\rentalConnect\.venv\Lib\site-packages\django\template\engine.py", line 186, in get_template
    template, origin = self.find_template(template_name)
                       ~~~~~~~~~~~~~~~~~~^^^^^^^^^^^^^^^
  File "D:\Docs\PROJECT\rentalConnect\.venv\Lib\site-packages\django\template\engine.py", line 159, in find_template
    template = loader.get_template(name, skip=skip)
  File "D:\Docs\PROJECT\rentalConnect\.venv\Lib\site-packages\django\template\loaders\cached.py", line 57, in get_template
    template = super().get_template(template_name, skip)
  File "D:\Docs\PROJECT\rentalConnect\.venv\Lib\site-packages\django\template\loaders\base.py", line 28, in get_template
    return Template(
        contents,
    ...<2 lines>...
        self.engine,
    )
  File "D:\Docs\PROJECT\rentalConnect\.venv\Lib\site-packages\django\template\base.py", line 157, in __init__
    self.nodelist = self.compile_nodelist()
                    ~~~~~~~~~~~~~~~~~~~~~^^
  File "D:\Docs\PROJECT\rentalConnect\.venv\Lib\site-packages\django\template\base.py", line 199, in compile_nodelist
    nodelist = parser.parse()
  File "D:\Docs\PROJECT\rentalConnect\.venv\Lib\site-packages\django\template\base.py", line 585, in parse
    raise self.error(token, e)
  File "D:\Docs\PROJECT\rentalConnect\.venv\Lib\site-packages\django\template\base.py", line 583, in parse
    compiled_result = compile_func(self, token)
  File "D:\Docs\PROJECT\rentalConnect\.venv\Lib\site-packages\django\template\loader_tags.py", line 307, in do_extends
    nodelist = parser.parse()
  File "D:\Docs\PROJECT\rentalConnect\.venv\Lib\site-packages\django\template\base.py", line 585, in parse
    raise self.error(token, e)
  File "D:\Docs\PROJECT\rentalConnect\.venv\Lib\site-packages\django\template\base.py", line 583, in parse
    compiled_result = compile_func(self, token)
  File "D:\Docs\PROJECT\rentalConnect\.venv\Lib\site-packages\django\template\loader_tags.py", line 235, in do_block
    nodelist = parser.parse(("endblock",))
  File "D:\Docs\PROJECT\rentalConnect\.venv\Lib\site-packages\django\template\base.py", line 585, in parse
    raise self.error(token, e)
  File "D:\Docs\PROJECT\rentalConnect\.venv\Lib\site-packages\django\template\base.py", line 583, in parse
    compiled_result = compile_func(self, token)
  File "D:\Docs\PROJECT\rentalConnect\.venv\Lib\site-packages\django\template\defaulttags.py", line 994, in do_if
    nodelist = parser.parse(("elif", "else", "endif"))
  File "D:\Docs\PROJECT\rentalConnect\.venv\Lib\site-packages\django\template\base.py", line 585, in parse
    raise self.error(token, e)
  File "D:\Docs\PROJECT\rentalConnect\.venv\Lib\site-packages\django\template\base.py", line 583, in parse
    compiled_result = compile_func(self, token)
  File "D:\Docs\PROJECT\rentalConnect\.venv\Lib\site-packages\django\template\defaulttags.py", line 993, in do_if
    condition = TemplateIfParser(parser, bits).parse()
                ~~~~~~~~~~~~~~~~^^^^^^^^^^^^^^
  File "D:\Docs\PROJECT\rentalConnect\.venv\Lib\site-packages\django\template\defaulttags.py", line 926, in __init__
    super().__init__(*args, **kwargs)
    ~~~~~~~~~~~~~~~~^^^^^^^^^^^^^^^^^
  File "D:\Docs\PROJECT\rentalConnect\.venv\Lib\site-packages\django\template\smartif.py", line 172, in __init__
    mapped_tokens.append(self.translate_token(token))
                         ~~~~~~~~~~~~~~~~~~~~^^^^^^^
  File "D:\Docs\PROJECT\rentalConnect\.venv\Lib\site-packages\django\template\smartif.py", line 183, in translate_token
    return self.create_var(token)
           ~~~~~~~~~~~~~~~^^^^^^^
  File "D:\Docs\PROJECT\rentalConnect\.venv\Lib\site-packages\django\template\defaulttags.py", line 929, in create_var
    return TemplateLiteral(self.template_parser.compile_filter(value), value)
                           ~~~~~~~~~~~~~~~~~~~~~~~~~~~~~~~~~~~^^^^^^^
  File "D:\Docs\PROJECT\rentalConnect\.venv\Lib\site-packages\django\template\base.py", line 676, in compile_filter
    return FilterExpression(token, self)
  File "D:\Docs\PROJECT\rentalConnect\.venv\Lib\site-packages\django\template\base.py", line 776, in __init__
    raise TemplateSyntaxError(
    ...<2 lines>...
    )
django.template.exceptions.TemplateSyntaxError: Template: D:\Docs\PROJECT\rentalConnect\templates\listings\property_detail.html, Could not parse the remainder: '['pending','approved']' from '['pending','approved']'
ERROR 2026-02-26 07:35:17,359 log 19028 14296 "GET /property/10/ HTTP/1.1" 500 287080
ERROR 2026-02-26 07:36:23,039 log 19028 14296 Internal Server Error: /property/10/
Traceback (most recent call last):
  File "D:\Docs\PROJECT\rentalConnect\.venv\Lib\site-packages\django\template\smartif.py", line 181, in translate_token
    op = OPERATORS[token]
         ~~~~~~~~~^^^^^^^
KeyError: '(active_booking.status'

During handling of the above exception, another exception occurred:

Traceback (most recent call last):
  File "D:\Docs\PROJECT\rentalConnect\.venv\Lib\site-packages\django\core\handlers\exception.py", line 55, in inner
    response = get_response(request)
  File "D:\Docs\PROJECT\rentalConnect\.venv\Lib\site-packages\django\core\handlers\base.py", line 198, in _get_response
    response = wrapped_callback(request, *callback_args, **callback_kwargs)
  File "D:\Docs\PROJECT\rentalConnect\listings\views.py", line 567, in property_detail
    return render(request, 'listings/property_detail.html', {
        'property': prop,
    ...<4 lines>...
        'today': timezone.now().date(),
    })
  File "D:\Docs\PROJECT\rentalConnect\.venv\Lib\site-packages\django\shortcuts.py", line 25, in render
    content = loader.render_to_string(template_name, context, request, using=using)
  File "D:\Docs\PROJECT\rentalConnect\.venv\Lib\site-packages\django\template\loader.py", line 61, in render_to_string
    template = get_template(template_name, using=using)
  File "D:\Docs\PROJECT\rentalConnect\.venv\Lib\site-packages\django\template\loader.py", line 15, in get_template
    return engine.get_template(template_name)
           ~~~~~~~~~~~~~~~~~~~^^^^^^^^^^^^^^^
  File "D:\Docs\PROJECT\rentalConnect\.venv\Lib\site-packages\django\template\backends\django.py", line 79, in get_template
    return Template(self.engine.get_template(template_name), self)
                    ~~~~~~~~~~~~~~~~~~~~~~~~^^^^^^^^^^^^^^^
  File "D:\Docs\PROJECT\rentalConnect\.venv\Lib\site-packages\django\template\engine.py", line 186, in get_template
    template, origin = self.find_template(template_name)
                       ~~~~~~~~~~~~~~~~~~^^^^^^^^^^^^^^^
  File "D:\Docs\PROJECT\rentalConnect\.venv\Lib\site-packages\django\template\engine.py", line 159, in find_template
    template = loader.get_template(name, skip=skip)
  File "D:\Docs\PROJECT\rentalConnect\.venv\Lib\site-packages\django\template\loaders\cached.py", line 57, in get_template
    template = super().get_template(template_name, skip)
  File "D:\Docs\PROJECT\rentalConnect\.venv\Lib\site-packages\django\template\loaders\base.py", line 28, in get_template
    return Template(
        contents,
    ...<2 lines>...
        self.engine,
    )
  File "D:\Docs\PROJECT\rentalConnect\.venv\Lib\site-packages\django\template\base.py", line 157, in __init__
    self.nodelist = self.compile_nodelist()
                    ~~~~~~~~~~~~~~~~~~~~~^^
  File "D:\Docs\PROJECT\rentalConnect\.venv\Lib\site-packages\django\template\base.py", line 199, in compile_nodelist
    nodelist = parser.parse()
  File "D:\Docs\PROJECT\rentalConnect\.venv\Lib\site-packages\django\template\base.py", line 585, in parse
    raise self.error(token, e)
  File "D:\Docs\PROJECT\rentalConnect\.venv\Lib\site-packages\django\template\base.py", line 583, in parse
    compiled_result = compile_func(self, token)
  File "D:\Docs\PROJECT\rentalConnect\.venv\Lib\site-packages\django\template\loader_tags.py", line 307, in do_extends
    nodelist = parser.parse()
  File "D:\Docs\PROJECT\rentalConnect\.venv\Lib\site-packages\django\template\base.py", line 585, in parse
    raise self.error(token, e)
  File "D:\Docs\PROJECT\rentalConnect\.venv\Lib\site-packages\django\template\base.py", line 583, in parse
    compiled_result = compile_func(self, token)
  File "D:\Docs\PROJECT\rentalConnect\.venv\Lib\site-packages\django\template\loader_tags.py", line 235, in do_block
    nodelist = parser.parse(("endblock",))
  File "D:\Docs\PROJECT\rentalConnect\.venv\Lib\site-packages\django\template\base.py", line 585, in parse
    raise self.error(token, e)
  File "D:\Docs\PROJECT\rentalConnect\.venv\Lib\site-packages\django\template\base.py", line 583, in parse
    compiled_result = compile_func(self, token)
  File "D:\Docs\PROJECT\rentalConnect\.venv\Lib\site-packages\django\template\defaulttags.py", line 994, in do_if
    nodelist = parser.parse(("elif", "else", "endif"))
  File "D:\Docs\PROJECT\rentalConnect\.venv\Lib\site-packages\django\template\base.py", line 585, in parse
    raise self.error(token, e)
  File "D:\Docs\PROJECT\rentalConnect\.venv\Lib\site-packages\django\template\base.py", line 583, in parse
    compiled_result = compile_func(self, token)
  File "D:\Docs\PROJECT\rentalConnect\.venv\Lib\site-packages\django\template\defaulttags.py", line 993, in do_if
    condition = TemplateIfParser(parser, bits).parse()
                ~~~~~~~~~~~~~~~~^^^^^^^^^^^^^^
  File "D:\Docs\PROJECT\rentalConnect\.venv\Lib\site-packages\django\template\defaulttags.py", line 926, in __init__
    super().__init__(*args, **kwargs)
    ~~~~~~~~~~~~~~~~^^^^^^^^^^^^^^^^^
  File "D:\Docs\PROJECT\rentalConnect\.venv\Lib\site-packages\django\template\smartif.py", line 172, in __init__
    mapped_tokens.append(self.translate_token(token))
                         ~~~~~~~~~~~~~~~~~~~~^^^^^^^
  File "D:\Docs\PROJECT\rentalConnect\.venv\Lib\site-packages\django\template\smartif.py", line 183, in translate_token
    return self.create_var(token)
           ~~~~~~~~~~~~~~~^^^^^^^
  File "D:\Docs\PROJECT\rentalConnect\.venv\Lib\site-packages\django\template\defaulttags.py", line 929, in create_var
    return TemplateLiteral(self.template_parser.compile_filter(value), value)
                           ~~~~~~~~~~~~~~~~~~~~~~~~~~~~~~~~~~~^^^^^^^
  File "D:\Docs\PROJECT\rentalConnect\.venv\Lib\site-packages\django\template\base.py", line 676, in compile_filter
    return FilterExpression(token, self)
  File "D:\Docs\PROJECT\rentalConnect\.venv\Lib\site-packages\django\template\base.py", line 776, in __init__
    raise TemplateSyntaxError(
    ...<2 lines>...
    )
django.template.exceptions.TemplateSyntaxError: Template: D:\Docs\PROJECT\rentalConnect\templates\listings\property_detail.html, Could not parse the remainder: '(active_booking.status' from '(active_booking.status'
ERROR 2026-02-26 07:36:23,071 log 19028 14296 "GET /property/10/ HTTP/1.1" 500 286991
ERROR 2026-02-26 07:36:32,399 log 19028 14296 Internal Server Error: /property/10/
Traceback (most recent call last):
  File "D:\Docs\PROJECT\rentalConnect\.venv\Lib\site-packages\django\template\smartif.py", line 181, in translate_token
    op = OPERATORS[token]
         ~~~~~~~~~^^^^^^^
KeyError: '(active_booking.status'

During handling of the above exception, another exception occurred:

Traceback (most recent call last):
  File "D:\Docs\PROJECT\rentalConnect\.venv\Lib\site-packages\django\core\handlers\exception.py", line 55, in inner
    response = get_response(request)
  File "D:\Docs\PROJECT\rentalConnect\.venv\Lib\site-packages\django\core\handlers\base.py", line 198, in _get_response
    response = wrapped_callback(request, *callback_args, **callback_kwargs)
  File "D:\Docs\PROJECT\rentalConnect\listings\views.py", line 567, in property_detail
    return render(request, 'listings/property_detail.html', {
        'property': prop,
    ...<4 lines>...
        'today': timezone.now().date(),
    })
  File "D:\Docs\PROJECT\rentalConnect\.venv\Lib\site-packages\django\shortcuts.py", line 25, in render
    content = loader.render_to_string(template_name, context, request, using=using)
  File "D:\Docs\PROJECT\rentalConnect\.venv\Lib\site-packages\django\template\loader.py", line 61, in render_to_string
    template = get_template(template_name, using=using)
  File "D:\Docs\PROJECT\rentalConnect\.venv\Lib\site-packages\django\template\loader.py", line 15, in get_template
    return engine.get_template(template_name)
           ~~~~~~~~~~~~~~~~~~~^^^^^^^^^^^^^^^
  File "D:\Docs\PROJECT\rentalConnect\.venv\Lib\site-packages\django\template\backends\django.py", line 79, in get_template
    return Template(self.engine.get_template(template_name), self)
                    ~~~~~~~~~~~~~~~~~~~~~~~~^^^^^^^^^^^^^^^
  File "D:\Docs\PROJECT\rentalConnect\.venv\Lib\site-packages\django\template\engine.py", line 186, in get_template
    template, origin = self.find_template(template_name)
                       ~~~~~~~~~~~~~~~~~~^^^^^^^^^^^^^^^
  File "D:\Docs\PROJECT\rentalConnect\.venv\Lib\site-packages\django\template\engine.py", line 159, in find_template
    template = loader.get_template(name, skip=skip)
  File "D:\Docs\PROJECT\rentalConnect\.venv\Lib\site-packages\django\template\loaders\cached.py", line 57, in get_template
    template = super().get_template(template_name, skip)
  File "D:\Docs\PROJECT\rentalConnect\.venv\Lib\site-packages\django\template\loaders\base.py", line 28, in get_template
    return Template(
        contents,
    ...<2 lines>...
        self.engine,
    )
  File "D:\Docs\PROJECT\rentalConnect\.venv\Lib\site-packages\django\template\base.py", line 157, in __init__
    self.nodelist = self.compile_nodelist()
                    ~~~~~~~~~~~~~~~~~~~~~^^
  File "D:\Docs\PROJECT\rentalConnect\.venv\Lib\site-packages\django\template\base.py", line 199, in compile_nodelist
    nodelist = parser.parse()
  File "D:\Docs\PROJECT\rentalConnect\.venv\Lib\site-packages\django\template\base.py", line 585, in parse
    raise self.error(token, e)
  File "D:\Docs\PROJECT\rentalConnect\.venv\Lib\site-packages\django\template\base.py", line 583, in parse
    compiled_result = compile_func(self, token)
  File "D:\Docs\PROJECT\rentalConnect\.venv\Lib\site-packages\django\template\loader_tags.py", line 307, in do_extends
    nodelist = parser.parse()
  File "D:\Docs\PROJECT\rentalConnect\.venv\Lib\site-packages\django\template\base.py", line 585, in parse
    raise self.error(token, e)
  File "D:\Docs\PROJECT\rentalConnect\.venv\Lib\site-packages\django\template\base.py", line 583, in parse
    compiled_result = compile_func(self, token)
  File "D:\Docs\PROJECT\rentalConnect\.venv\Lib\site-packages\django\template\loader_tags.py", line 235, in do_block
    nodelist = parser.parse(("endblock",))
  File "D:\Docs\PROJECT\rentalConnect\.venv\Lib\site-packages\django\template\base.py", line 585, in parse
    raise self.error(token, e)
  File "D:\Docs\PROJECT\rentalConnect\.venv\Lib\site-packages\django\template\base.py", line 583, in parse
    compiled_result = compile_func(self, token)
  File "D:\Docs\PROJECT\rentalConnect\.venv\Lib\site-packages\django\template\defaulttags.py", line 994, in do_if
    nodelist = parser.parse(("elif", "else", "endif"))
  File "D:\Docs\PROJECT\rentalConnect\.venv\Lib\site-packages\django\template\base.py", line 585, in parse
    raise self.error(token, e)
  File "D:\Docs\PROJECT\rentalConnect\.venv\Lib\site-packages\django\template\base.py", line 583, in parse
    compiled_result = compile_func(self, token)
  File "D:\Docs\PROJECT\rentalConnect\.venv\Lib\site-packages\django\template\defaulttags.py", line 993, in do_if
    condition = TemplateIfParser(parser, bits).parse()
                ~~~~~~~~~~~~~~~~^^^^^^^^^^^^^^
  File "D:\Docs\PROJECT\rentalConnect\.venv\Lib\site-packages\django\template\defaulttags.py", line 926, in __init__
    super().__init__(*args, **kwargs)
    ~~~~~~~~~~~~~~~~^^^^^^^^^^^^^^^^^
  File "D:\Docs\PROJECT\rentalConnect\.venv\Lib\site-packages\django\template\smartif.py", line 172, in __init__
    mapped_tokens.append(self.translate_token(token))
                         ~~~~~~~~~~~~~~~~~~~~^^^^^^^
  File "D:\Docs\PROJECT\rentalConnect\.venv\Lib\site-packages\django\template\smartif.py", line 183, in translate_token
    return self.create_var(token)
           ~~~~~~~~~~~~~~~^^^^^^^
  File "D:\Docs\PROJECT\rentalConnect\.venv\Lib\site-packages\django\template\defaulttags.py", line 929, in create_var
    return TemplateLiteral(self.template_parser.compile_filter(value), value)
                           ~~~~~~~~~~~~~~~~~~~~~~~~~~~~~~~~~~~^^^^^^^
  File "D:\Docs\PROJECT\rentalConnect\.venv\Lib\site-packages\django\template\base.py", line 676, in compile_filter
    return FilterExpression(token, self)
  File "D:\Docs\PROJECT\rentalConnect\.venv\Lib\site-packages\django\template\base.py", line 776, in __init__
    raise TemplateSyntaxError(
    ...<2 lines>...
    )
django.template.exceptions.TemplateSyntaxError: Template: D:\Docs\PROJECT\rentalConnect\templates\listings\property_detail.html, Could not parse the remainder: '(active_booking.status' from '(active_booking.status'
ERROR 2026-02-26 07:36:32,424 log 19028 14296 "GET /property/10/ HTTP/1.1" 500 286854
ERROR 2026-02-26 08:13:51,599 log 16036 12380 Invalid HTTP_HOST header: 'testserver'. You may need to add 'testserver' to ALLOWED_HOSTS.
Traceback (most recent call last):
  File "C:\Users\Lenovo\AppData\Local\Python\pythoncore-3.14-64\Lib\site-packages\django\core\handlers\exception.py", line 55, in inner
    response = get_response(request)
  File "C:\Users\Lenovo\AppData\Local\Python\pythoncore-3.14-64\Lib\site-packages\django\utils\deprecation.py", line 119, in __call__
    response = self.process_request(request)
  File "C:\Users\Lenovo\AppData\Local\Python\pythoncore-3.14-64\Lib\site-packages\django\middleware\common.py", line 48, in process_request
    host = request.get_host()
  File "C:\Users\Lenovo\AppData\Local\Python\pythoncore-3.14-64\Lib\site-packages\django\http\request.py", line 202, in get_host
    raise DisallowedHost(msg)
django.core.exceptions.DisallowedHost: Invalid HTTP_HOST header: 'testserver'. You may need to add 'testserver' to ALLOWED_HOSTS.
ERROR 2026-02-26 08:13:52,453 log 16036 12380 Invalid HTTP_HOST header: 'testserver'. You may need to add 'testserver' to ALLOWED_HOSTS.
Traceback (most recent call last):
  File "C:\Users\Lenovo\AppData\Local\Python\pythoncore-3.14-64\Lib\site-packages\django\core\handlers\exception.py", line 55, in inner
    response = get_response(request)
  File "C:\Users\Lenovo\AppData\Local\Python\pythoncore-3.14-64\Lib\site-packages\django\utils\deprecation.py", line 119, in __call__
    response = self.process_request(request)
  File "C:\Users\Lenovo\AppData\Local\Python\pythoncore-3.14-64\Lib\site-packages\django\middleware\common.py", line 48, in process_request
    host = request.get_host()
  File "C:\Users\Lenovo\AppData\Local\Python\pythoncore-3.14-64\Lib\site-packages\django\http\request.py", line 202, in get_host
    raise DisallowedHost(msg)
django.core.exceptions.DisallowedHost: Invalid HTTP_HOST header: 'testserver'. You may need to add 'testserver' to ALLOWED_HOSTS.
ERROR 2026-02-26 08:25:26,662 log 20020 15300 Internal Server Error: /booking/1/messages/
Traceback (most recent call last):
  File "C:\Users\Lenovo\AppData\Local\Python\pythoncore-3.14-64\Lib\site-packages\django\template\base.py", line 510, in parse
    compile_func = self.tags[command]
                   ~~~~~~~~~^^^^^^^^^
KeyError: 'endblock'

During handling of the above exception, another exception occurred:

Traceback (most recent call last):
  File "C:\Users\Lenovo\AppData\Local\Python\pythoncore-3.14-64\Lib\site-packages\django\core\handlers\exception.py", line 55, in inner
    response = get_response(request)
  File "C:\Users\Lenovo\AppData\Local\Python\pythoncore-3.14-64\Lib\site-packages\django\core\handlers\base.py", line 197, in _get_response
    response = wrapped_callback(request, *callback_args, **callback_kwargs)
  File "C:\Users\Lenovo\AppData\Local\Python\pythoncore-3.14-64\Lib\site-packages\django\contrib\auth\decorators.py", line 59, in _view_wrapper
    return view_func(request, *args, **kwargs)
  File "D:\Docs\PROJECT\rentalConnect\listings\views.py", line 1145, in booking_messages
    return render(request, 'listings/booking_messages.html', {
        'booking': booking,
    ...<2 lines>...
        'user_role': user_role,
    })
  File "C:\Users\Lenovo\AppData\Local\Python\pythoncore-3.14-64\Lib\site-packages\django\shortcuts.py", line 25, in render
    content = loader.render_to_string(template_name, context, request, using=using)
  File "C:\Users\Lenovo\AppData\Local\Python\pythoncore-3.14-64\Lib\site-packages\django\template\loader.py", line 61, in render_to_string
    template = get_template(template_name, using=using)
  File "C:\Users\Lenovo\AppData\Local\Python\pythoncore-3.14-64\Lib\site-packages\django\template\loader.py", line 15, in get_template
    return engine.get_template(template_name)
           ~~~~~~~~~~~~~~~~~~~^^^^^^^^^^^^^^^
  File "C:\Users\Lenovo\AppData\Local\Python\pythoncore-3.14-64\Lib\site-packages\django\template\backends\django.py", line 79, in get_template
    return Template(self.engine.get_template(template_name), self)
                    ~~~~~~~~~~~~~~~~~~~~~~~~^^^^^^^^^^^^^^^
  File "C:\Users\Lenovo\AppData\Local\Python\pythoncore-3.14-64\Lib\site-packages\django\template\engine.py", line 177, in get_template
    template, origin = self.find_template(template_name)
                       ~~~~~~~~~~~~~~~~~~^^^^^^^^^^^^^^^
  File "C:\Users\Lenovo\AppData\Local\Python\pythoncore-3.14-64\Lib\site-packages\django\template\engine.py", line 159, in find_template
    template = loader.get_template(name, skip=skip)
  File "C:\Users\Lenovo\AppData\Local\Python\pythoncore-3.14-64\Lib\site-packages\django\template\loaders\cached.py", line 57, in get_template
    template = super().get_template(template_name, skip)
  File "C:\Users\Lenovo\AppData\Local\Python\pythoncore-3.14-64\Lib\site-packages\django\template\loaders\base.py", line 28, in get_template
    return Template(
        contents,
    ...<2 lines>...
        self.engine,
    )
  File "C:\Users\Lenovo\AppData\Local\Python\pythoncore-3.14-64\Lib\site-packages\django\template\base.py", line 154, in __init__
    self.nodelist = self.compile_nodelist()
                    ~~~~~~~~~~~~~~~~~~~~~^^
  File "C:\Users\Lenovo\AppData\Local\Python\pythoncore-3.14-64\Lib\site-packages\django\template\base.py", line 196, in compile_nodelist
    nodelist = parser.parse()
  File "C:\Users\Lenovo\AppData\Local\Python\pythoncore-3.14-64\Lib\site-packages\django\template\base.py", line 518, in parse
    raise self.error(token, e)
  File "C:\Users\Lenovo\AppData\Local\Python\pythoncore-3.14-64\Lib\site-packages\django\template\base.py", line 516, in parse
    compiled_result = compile_func(self, token)
  File "C:\Users\Lenovo\AppData\Local\Python\pythoncore-3.14-64\Lib\site-packages\django\template\loader_tags.py", line 299, in do_extends
    nodelist = parser.parse()
  File "C:\Users\Lenovo\AppData\Local\Python\pythoncore-3.14-64\Lib\site-packages\django\template\base.py", line 512, in parse
    self.invalid_block_tag(token, command, parse_until)
    ~~~~~~~~~~~~~~~~~~~~~~^^^^^^^^^^^^^^^^^^^^^^^^^^^^^
  File "C:\Users\Lenovo\AppData\Local\Python\pythoncore-3.14-64\Lib\site-packages\django\template\base.py", line 577, in invalid_block_tag
    raise self.error(
    ...<3 lines>...
    )
django.template.exceptions.TemplateSyntaxError: Invalid block tag on line 156: 'endblock'. Did you forget to register or load this tag?
ERROR 2026-02-26 08:34:38,852 log 17112 8080 Internal Server Error: /booking/6/exit/request/
Traceback (most recent call last):
  File "D:\Docs\PROJECT\rentalConnect\.venv\Lib\site-packages\django\core\handlers\exception.py", line 55, in inner
    response = get_response(request)
  File "D:\Docs\PROJECT\rentalConnect\.venv\Lib\site-packages\django\core\handlers\base.py", line 198, in _get_response
    response = wrapped_callback(request, *callback_args, **callback_kwargs)
  File "D:\Docs\PROJECT\rentalConnect\.venv\Lib\site-packages\django\contrib\auth\decorators.py", line 59, in _view_wrapper
    return view_func(request, *args, **kwargs)
  File "D:\Docs\PROJECT\rentalConnect\listings\views.py", line 276, in request_early_exit
    form = EarlyExitRequestForm(booking=booking)
  File "D:\Docs\PROJECT\rentalConnect\listings\forms.py", line 104, in __init__
    super().__init__(*args, **kwargs)
    ~~~~~~~~~~~~~~~~^^^^^^^^^^^^^^^^^
  File "D:\Docs\PROJECT\rentalConnect\.venv\Lib\site-packages\django\forms\models.py", line 364, in __init__
    raise ValueError("ModelForm has no model class specified.")
ValueError: ModelForm has no model class specified.
ERROR 2026-02-26 08:34:38,865 log 17112 8080 "GET /booking/6/exit/request/ HTTP/1.1" 500 89412
ERROR 2026-02-26 08:35:36,111 log 17112 8080 Internal Server Error: /booking/6/exit/request/
Traceback (most recent call last):
  File "D:\Docs\PROJECT\rentalConnect\.venv\Lib\site-packages\django\core\handlers\exception.py", line 55, in inner
    response = get_response(request)
  File "D:\Docs\PROJECT\rentalConnect\.venv\Lib\site-packages\django\core\handlers\base.py", line 198, in _get_response
    response = wrapped_callback(request, *callback_args, **callback_kwargs)
  File "D:\Docs\PROJECT\rentalConnect\.venv\Lib\site-packages\django\contrib\auth\decorators.py", line 59, in _view_wrapper
    return view_func(request, *args, **kwargs)
  File "D:\Docs\PROJECT\rentalConnect\listings\views.py", line 276, in request_early_exit
    form = EarlyExitRequestForm(booking=booking)
  File "D:\Docs\PROJECT\rentalConnect\listings\forms.py", line 104, in __init__
    super().__init__(*args, **kwargs)
    ~~~~~~~~~~~~~~~~^^^^^^^^^^^^^^^^^
  File "D:\Docs\PROJECT\rentalConnect\.venv\Lib\site-packages\django\forms\models.py", line 364, in __init__
    raise ValueError("ModelForm has no model class specified.")
ValueError: ModelForm has no model class specified.
ERROR 2026-02-26 08:35:36,120 log 17112 8080 "GET /booking/6/exit/request/ HTTP/1.1" 500 89412
ERROR 2026-02-26 08:51:03,425 log 17112 16244 Internal Server Error: /booking/6/exit/request/
Traceback (most recent call last):
  File "D:\Docs\PROJECT\rentalConnect\.venv\Lib\site-packages\django\core\handlers\exception.py", line 55, in inner
    response = get_response(request)
  File "D:\Docs\PROJECT\rentalConnect\.venv\Lib\site-packages\django\core\handlers\base.py", line 198, in _get_response
    response = wrapped_callback(request, *callback_args, **callback_kwargs)
  File "D:\Docs\PROJECT\rentalConnect\.venv\Lib\site-packages\django\contrib\auth\decorators.py", line 59, in _view_wrapper
    return view_func(request, *args, **kwargs)
  File "D:\Docs\PROJECT\rentalConnect\listings\views.py", line 276, in request_early_exit
    form = EarlyExitRequestForm(booking=booking)
  File "D:\Docs\PROJECT\rentalConnect\listings\forms.py", line 104, in __init__
    super().__init__(*args, **kwargs)
    ~~~~~~~~~~~~~~~~^^^^^^^^^^^^^^^^^
  File "D:\Docs\PROJECT\rentalConnect\.venv\Lib\site-packages\django\forms\models.py", line 364, in __init__
    raise ValueError("ModelForm has no model class specified.")
ValueError: ModelForm has no model class specified.
ERROR 2026-02-26 08:51:03,429 log 17112 16244 "GET /booking/6/exit/request/ HTTP/1.1" 500 89412
ERROR 2026-02-26 08:51:15,766 log 17112 16244 Internal Server Error: /booking/6/exit/request/
Traceback (most recent call last):
  File "D:\Docs\PROJECT\rentalConnect\.venv\Lib\site-packages\django\core\handlers\exception.py", line 55, in inner
    response = get_response(request)
  File "D:\Docs\PROJECT\rentalConnect\.venv\Lib\site-packages\django\core\handlers\base.py", line 198, in _get_response
    response = wrapped_callback(request, *callback_args, **callback_kwargs)
  File "D:\Docs\PROJECT\rentalConnect\.venv\Lib\site-packages\django\contrib\auth\decorators.py", line 59, in _view_wrapper
    return view_func(request, *args, **kwargs)
  File "D:\Docs\PROJECT\rentalConnect\listings\views.py", line 276, in request_early_exit
    form = EarlyExitRequestForm(booking=booking)
  File "D:\Docs\PROJECT\rentalConnect\listings\forms.py", line 104, in __init__
    super().__init__(*args, **kwargs)
    ~~~~~~~~~~~~~~~~^^^^^^^^^^^^^^^^^
  File "D:\Docs\PROJECT\rentalConnect\.venv\Lib\site-packages\django\forms\models.py", line 364, in __init__
    raise ValueError("ModelForm has no model class specified.")
ValueError: ModelForm has no model class specified.
ERROR 2026-02-26 08:51:15,771 log 17112 16244 "GET /booking/6/exit/request/ HTTP/1.1" 500 89412
ERROR 2026-02-26 08:57:11,796 log 21692 8484 Internal Server Error: /booking/6/exit/request/
Traceback (most recent call last):
  File "D:\Docs\PROJECT\rentalConnect\.venv\Lib\site-packages\django\core\handlers\exception.py", line 55, in inner
    response = get_response(request)
  File "D:\Docs\PROJECT\rentalConnect\.venv\Lib\site-packages\django\core\handlers\base.py", line 198, in _get_response
    response = wrapped_callback(request, *callback_args, **callback_kwargs)
  File "D:\Docs\PROJECT\rentalConnect\.venv\Lib\site-packages\django\contrib\auth\decorators.py", line 59, in _view_wrapper
    return view_func(request, *args, **kwargs)
  File "D:\Docs\PROJECT\rentalConnect\listings\views.py", line 266, in request_early_exit
    ex.save()
    ~~~~~~~^^
  File "D:\Docs\PROJECT\rentalConnect\listings\models.py", line 235, in save
    self.calculate_penalty()
    ~~~~~~~~~~~~~~~~~~~~~~^^
  File "D:\Docs\PROJECT\rentalConnect\listings\models.py", line 229, in calculate_penalty
    self.penalty_amount = self.booking.monthly_rent * remaining_months * rate
                          ~~~~~~~~~~~~~~~~~~~~~~~~~~^~~~~~~~~~~~~~~~~~
TypeError: unsupported operand type(s) for *: 'decimal.Decimal' and 'float'
ERROR 2026-02-26 08:57:11,802 log 21692 8484 "POST /booking/6/exit/request/ HTTP/1.1" 500 88960
ERROR 2026-02-26 09:01:42,248 log 16672 18120 Internal Server Error: /booking/6/exit/request/
Traceback (most recent call last):
  File "D:\Docs\PROJECT\rentalConnect\.venv\Lib\site-packages\django\core\handlers\exception.py", line 55, in inner
    response = get_response(request)
  File "D:\Docs\PROJECT\rentalConnect\.venv\Lib\site-packages\django\core\handlers\base.py", line 198, in _get_response
    response = wrapped_callback(request, *callback_args, **callback_kwargs)
  File "D:\Docs\PROJECT\rentalConnect\.venv\Lib\site-packages\django\contrib\auth\decorators.py", line 59, in _view_wrapper
    return view_func(request, *args, **kwargs)
  File "D:\Docs\PROJECT\rentalConnect\listings\views.py", line 266, in request_early_exit
    ex.save()
    ~~~~~~~^^
  File "D:\Docs\PROJECT\rentalConnect\listings\models.py", line 235, in save
    self.calculate_penalty()
    ~~~~~~~~~~~~~~~~~~~~~~^^
  File "D:\Docs\PROJECT\rentalConnect\listings\models.py", line 229, in calculate_penalty
    self.penalty_amount = self.booking.monthly_rent * remaining_months * rate
                          ~~~~~~~~~~~~~~~~~~~~~~~~~~^~~~~~~~~~~~~~~~~~
TypeError: unsupported operand type(s) for *: 'decimal.Decimal' and 'float'
ERROR 2026-02-26 09:01:42,255 log 16672 18120 "POST /booking/6/exit/request/ HTTP/1.1" 500 88960
ERROR 2026-02-26 09:02:22,441 log 16672 18120 Internal Server Error: /booking/6/exit/request/
Traceback (most recent call last):
  File "D:\Docs\PROJECT\rentalConnect\.venv\Lib\site-packages\django\core\handlers\exception.py", line 55, in inner
    response = get_response(request)
  File "D:\Docs\PROJECT\rentalConnect\.venv\Lib\site-packages\django\core\handlers\base.py", line 198, in _get_response
    response = wrapped_callback(request, *callback_args, **callback_kwargs)
  File "D:\Docs\PROJECT\rentalConnect\.venv\Lib\site-packages\django\contrib\auth\decorators.py", line 59, in _view_wrapper
    return view_func(request, *args, **kwargs)
  File "D:\Docs\PROJECT\rentalConnect\listings\views.py", line 266, in request_early_exit
    ex.save()
    ~~~~~~~^^
  File "D:\Docs\PROJECT\rentalConnect\listings\models.py", line 235, in save
    self.calculate_penalty()
    ~~~~~~~~~~~~~~~~~~~~~~^^
  File "D:\Docs\PROJECT\rentalConnect\listings\models.py", line 229, in calculate_penalty
    self.penalty_amount = self.booking.monthly_rent * remaining_months * rate
                          ~~~~~~~~~~~~~~~~~~~~~~~~~~^~~~~~~~~~~~~~~~~~
TypeError: unsupported operand type(s) for *: 'decimal.Decimal' and 'float'
ERROR 2026-02-26 09:02:22,447 log 16672 18120 "POST /booking/6/exit/request/ HTTP/1.1" 500 88960
